2022-11-27 13:47:45,109-doExcel.py:[31]-[DEBUG]-excel表打开成功
2022-11-27 13:47:45,110-doExcel.py:[39]-[DEBUG]-sheet页定位成功
2022-11-27 13:47:45,122-doExcel.py:[31]-[DEBUG]-excel表打开成功
2022-11-27 13:47:45,122-doExcel.py:[39]-[DEBUG]-sheet页定位成功
2022-11-27 13:47:45,123-doExcel.py:[48]-[DEBUG]-读取文件成功.teachHeadPic.ng-star-inserted
2022-11-27 13:47:45,123-doExcel.py:[48]-[DEBUG]-读取文件成功//div[text()='退出账号']
2022-11-27 13:47:45,123-doExcel.py:[48]-[DEBUG]-读取文件成功.ant-modal-confirm-btns>button:nth-child(2)
2022-11-27 13:47:45,124-doExcel.py:[48]-[DEBUG]-读取文件成功13986128128
2022-11-27 13:47:45,124-doExcel.py:[48]-[DEBUG]-读取文件成功121121
2022-11-27 13:47:45,124-doExcel.py:[48]-[DEBUG]-读取文件成功
2022-11-27 13:47:45,124-doExcel.py:[48]-[DEBUG]-读取文件成功
2022-11-27 13:47:45,124-doExcel.py:[48]-[DEBUG]-读取文件成功
2022-11-27 13:47:45,125-doExcel.py:[48]-[DEBUG]-读取文件成功121121
2022-11-27 13:47:45,125-doExcel.py:[48]-[DEBUG]-读取文件成功13986128128
2022-11-27 13:47:45,125-doExcel.py:[48]-[DEBUG]-读取文件成功
2022-11-27 13:47:45,125-doExcel.py:[48]-[DEBUG]-读取文件成功13986138138
2022-11-27 13:47:45,125-doExcel.py:[48]-[DEBUG]-读取文件成功121121
2022-11-27 13:47:45,125-doExcel.py:[48]-[DEBUG]-读取文件成功13986128128
2022-11-27 13:47:45,125-doExcel.py:[48]-[DEBUG]-读取文件成功125555522
2022-11-27 13:47:45,125-doExcel.py:[48]-[DEBUG]-读取文件成功13986138138
2022-11-27 13:47:45,126-doExcel.py:[48]-[DEBUG]-读取文件成功125555523
2022-11-27 13:47:45,126-doExcel.py:[48]-[DEBUG]-读取文件成功13986
2022-11-27 13:47:45,126-doExcel.py:[48]-[DEBUG]-读取文件成功121121
2022-11-27 13:47:45,126-doExcel.py:[48]-[DEBUG]-读取文件成功13986128128555555555
2022-11-27 13:47:45,126-doExcel.py:[48]-[DEBUG]-读取文件成功121122
2022-11-27 13:47:45,126-doExcel.py:[48]-[DEBUG]-读取文件成功13986128128
2022-11-27 13:47:45,126-doExcel.py:[48]-[DEBUG]-读取文件成功121
2022-11-27 13:47:45,126-doExcel.py:[48]-[DEBUG]-读取文件成功13986128128
2022-11-27 13:47:45,127-doExcel.py:[48]-[DEBUG]-读取文件成功121456789123456789632
2022-11-27 13:47:45,127-doExcel.py:[48]-[DEBUG]-读取文件成功13986128128555555555
2022-11-27 13:47:45,127-doExcel.py:[48]-[DEBUG]-读取文件成功121456789123456789632
2022-11-27 13:47:45,127-doExcel.py:[48]-[DEBUG]-读取文件成功13986
2022-11-27 13:47:45,127-doExcel.py:[48]-[DEBUG]-读取文件成功121
2022-11-27 13:47:45,127-doExcel.py:[48]-[DEBUG]-读取文件成功[formcontrolname='userName']
2022-11-27 13:47:45,127-doExcel.py:[48]-[DEBUG]-读取文件成功[formcontrolname='password']
2022-11-27 13:47:45,127-doExcel.py:[48]-[DEBUG]-读取文件成功[type='submit']
2022-11-27 13:47:45,127-doExcel.py:[48]-[DEBUG]-读取文件成功/html/body/app-root/layout-passport/div/div/passport-login/div/form/nz-form-item[1]/nz-form-control/div/nz-form-explain/div
2022-11-27 13:47:45,128-doExcel.py:[48]-[DEBUG]-读取文件成功/html/body/app-root/layout-passport/div/div/passport-login/div/form/nz-form-item[2]/nz-form-control/div/nz-form-explain/div
2022-11-27 13:47:45,128-doExcel.py:[48]-[DEBUG]-读取文件成功//*[@id="cdk-overlay-1"]/nz-modal/div/div[2]/div[1]/div/div/div/div[1]/span/span
2022-11-27 13:47:45,128-doExcel.py:[48]-[DEBUG]-读取文件成功//*[@id="cdk-overlay-1"]/nz-modal/div/div[2]/div[1]/div/div/div/div[2]/button
2022-11-27 13:48:00,664-basePage.py:[57]-[INFO]-未发生异常页面打开成功：http://139.199.0.102/passport/login
2022-11-27 13:48:00,747-basePage.py:[70]-[DEBUG]-元素定位成功，定位成功信息是:('css selector', "[formcontrolname='userName']")
2022-11-27 13:48:00,928-basePage.py:[82]-[DEBUG]-输入内容成功
2022-11-27 13:48:01,003-basePage.py:[70]-[DEBUG]-元素定位成功，定位成功信息是:('css selector', "[formcontrolname='password']")
2022-11-27 13:48:01,175-basePage.py:[82]-[DEBUG]-输入内容成功
2022-11-27 13:48:01,250-basePage.py:[70]-[DEBUG]-元素定位成功，定位成功信息是:('css selector', "[type='submit']")
2022-11-27 13:48:01,291-basePage.py:[117]-[DEBUG]-点击成功
2022-11-27 13:48:14,338-basePage.py:[70]-[DEBUG]-元素定位成功，定位成功信息是:('xpath', "//span[text()='龚老师1']")
2022-11-27 13:48:14,366-basePage.py:[93]-[DEBUG]-文本获取成功：龚老师1
2022-11-27 13:49:09,945-doExcel.py:[31]-[DEBUG]-excel表打开成功
2022-11-27 13:49:09,946-doExcel.py:[39]-[DEBUG]-sheet页定位成功
2022-11-27 13:49:09,959-doExcel.py:[31]-[DEBUG]-excel表打开成功
2022-11-27 13:49:09,959-doExcel.py:[39]-[DEBUG]-sheet页定位成功
2022-11-27 13:49:09,959-doExcel.py:[48]-[DEBUG]-读取文件成功.teachHeadPic.ng-star-inserted
2022-11-27 13:49:09,960-doExcel.py:[48]-[DEBUG]-读取文件成功//div[text()='退出账号']
2022-11-27 13:49:09,960-doExcel.py:[48]-[DEBUG]-读取文件成功.ant-modal-confirm-btns>button:nth-child(2)
2022-11-27 13:49:09,960-doExcel.py:[48]-[DEBUG]-读取文件成功13986128128
2022-11-27 13:49:09,960-doExcel.py:[48]-[DEBUG]-读取文件成功121121
2022-11-27 13:49:09,960-doExcel.py:[48]-[DEBUG]-读取文件成功
2022-11-27 13:49:09,960-doExcel.py:[48]-[DEBUG]-读取文件成功
2022-11-27 13:49:09,960-doExcel.py:[48]-[DEBUG]-读取文件成功
2022-11-27 13:49:09,961-doExcel.py:[48]-[DEBUG]-读取文件成功121121
2022-11-27 13:49:09,961-doExcel.py:[48]-[DEBUG]-读取文件成功13986128128
2022-11-27 13:49:09,961-doExcel.py:[48]-[DEBUG]-读取文件成功
2022-11-27 13:49:09,961-doExcel.py:[48]-[DEBUG]-读取文件成功13986138138
2022-11-27 13:49:09,961-doExcel.py:[48]-[DEBUG]-读取文件成功121121
2022-11-27 13:49:09,961-doExcel.py:[48]-[DEBUG]-读取文件成功13986128128
2022-11-27 13:49:09,961-doExcel.py:[48]-[DEBUG]-读取文件成功125555522
2022-11-27 13:49:09,961-doExcel.py:[48]-[DEBUG]-读取文件成功13986138138
2022-11-27 13:49:09,962-doExcel.py:[48]-[DEBUG]-读取文件成功125555523
2022-11-27 13:49:09,962-doExcel.py:[48]-[DEBUG]-读取文件成功13986
2022-11-27 13:49:09,962-doExcel.py:[48]-[DEBUG]-读取文件成功121121
2022-11-27 13:49:09,962-doExcel.py:[48]-[DEBUG]-读取文件成功13986128128555555555
2022-11-27 13:49:09,962-doExcel.py:[48]-[DEBUG]-读取文件成功121122
2022-11-27 13:49:09,962-doExcel.py:[48]-[DEBUG]-读取文件成功13986128128
2022-11-27 13:49:09,962-doExcel.py:[48]-[DEBUG]-读取文件成功121
2022-11-27 13:49:09,962-doExcel.py:[48]-[DEBUG]-读取文件成功13986128128
2022-11-27 13:49:09,962-doExcel.py:[48]-[DEBUG]-读取文件成功121456789123456789632
2022-11-27 13:49:09,963-doExcel.py:[48]-[DEBUG]-读取文件成功13986128128555555555
2022-11-27 13:49:09,963-doExcel.py:[48]-[DEBUG]-读取文件成功121456789123456789632
2022-11-27 13:49:09,963-doExcel.py:[48]-[DEBUG]-读取文件成功13986
2022-11-27 13:49:09,963-doExcel.py:[48]-[DEBUG]-读取文件成功121
2022-11-27 13:49:09,963-doExcel.py:[48]-[DEBUG]-读取文件成功[formcontrolname='userName']
2022-11-27 13:49:09,963-doExcel.py:[48]-[DEBUG]-读取文件成功[formcontrolname='password']
2022-11-27 13:49:09,963-doExcel.py:[48]-[DEBUG]-读取文件成功[type='submit']
2022-11-27 13:49:09,963-doExcel.py:[48]-[DEBUG]-读取文件成功/html/body/app-root/layout-passport/div/div/passport-login/div/form/nz-form-item[1]/nz-form-control/div/nz-form-explain/div
2022-11-27 13:49:09,964-doExcel.py:[48]-[DEBUG]-读取文件成功/html/body/app-root/layout-passport/div/div/passport-login/div/form/nz-form-item[2]/nz-form-control/div/nz-form-explain/div
2022-11-27 13:49:09,964-doExcel.py:[48]-[DEBUG]-读取文件成功//*[@id="cdk-overlay-1"]/nz-modal/div/div[2]/div[1]/div/div/div/div[1]/span/span
2022-11-27 13:49:09,964-doExcel.py:[48]-[DEBUG]-读取文件成功//*[@id="cdk-overlay-1"]/nz-modal/div/div[2]/div[1]/div/div/div/div[2]/button
2022-11-27 13:49:24,458-basePage.py:[57]-[INFO]-未发生异常页面打开成功：http://139.199.0.102/passport/login
2022-11-27 13:49:24,533-basePage.py:[70]-[DEBUG]-元素定位成功，定位成功信息是:('css selector', "[formcontrolname='userName']")
2022-11-27 13:49:24,692-basePage.py:[82]-[DEBUG]-输入内容成功
2022-11-27 13:49:24,807-basePage.py:[70]-[DEBUG]-元素定位成功，定位成功信息是:('css selector', "[formcontrolname='password']")
2022-11-27 13:49:25,007-basePage.py:[82]-[DEBUG]-输入内容成功
2022-11-27 13:49:25,056-basePage.py:[70]-[DEBUG]-元素定位成功，定位成功信息是:('css selector', "[type='submit']")
2022-11-27 13:49:25,124-basePage.py:[117]-[DEBUG]-点击成功
2022-11-27 13:49:38,540-basePage.py:[70]-[DEBUG]-元素定位成功，定位成功信息是:('xpath', "//span[text()='13986128128']")
2022-11-27 13:49:38,583-basePage.py:[93]-[DEBUG]-文本获取成功：13986128128
