2022-11-28 14:30:26,593-doExcel.py:[31]-[DEBUG]-excel表打开成功
2022-11-28 14:30:26,594-doExcel.py:[39]-[DEBUG]-sheet页定位成功
2022-11-28 14:30:26,602-doExcel.py:[31]-[DEBUG]-excel表打开成功
2022-11-28 14:30:26,603-doExcel.py:[39]-[DEBUG]-sheet页定位成功
2022-11-28 14:30:26,603-doExcel.py:[48]-[DEBUG]-读取文件成功.teachHeadPic.ng-star-inserted
2022-11-28 14:30:26,603-doExcel.py:[48]-[DEBUG]-读取文件成功//div[text()='退出账号']
2022-11-28 14:30:26,604-doExcel.py:[48]-[DEBUG]-读取文件成功.ant-modal-confirm-btns>button:nth-child(2)
2022-11-28 14:30:26,604-doExcel.py:[48]-[DEBUG]-读取文件成功13986128128
2022-11-28 14:30:26,604-doExcel.py:[48]-[DEBUG]-读取文件成功121121
2022-11-28 14:30:26,604-doExcel.py:[48]-[DEBUG]-读取文件成功
2022-11-28 14:30:26,604-doExcel.py:[48]-[DEBUG]-读取文件成功
2022-11-28 14:30:26,604-doExcel.py:[48]-[DEBUG]-读取文件成功
2022-11-28 14:30:26,605-doExcel.py:[48]-[DEBUG]-读取文件成功121121
2022-11-28 14:30:26,605-doExcel.py:[48]-[DEBUG]-读取文件成功13986128128
2022-11-28 14:30:26,605-doExcel.py:[48]-[DEBUG]-读取文件成功
2022-11-28 14:30:26,605-doExcel.py:[48]-[DEBUG]-读取文件成功13986138138
2022-11-28 14:30:26,605-doExcel.py:[48]-[DEBUG]-读取文件成功121121
2022-11-28 14:30:26,605-doExcel.py:[48]-[DEBUG]-读取文件成功13986128128
2022-11-28 14:30:26,606-doExcel.py:[48]-[DEBUG]-读取文件成功125555522
2022-11-28 14:30:26,606-doExcel.py:[48]-[DEBUG]-读取文件成功13986138138
2022-11-28 14:30:26,607-doExcel.py:[48]-[DEBUG]-读取文件成功125555523
2022-11-28 14:30:26,607-doExcel.py:[48]-[DEBUG]-读取文件成功13986
2022-11-28 14:30:26,607-doExcel.py:[48]-[DEBUG]-读取文件成功121121
2022-11-28 14:30:26,607-doExcel.py:[48]-[DEBUG]-读取文件成功13986128128555555555
2022-11-28 14:30:26,607-doExcel.py:[48]-[DEBUG]-读取文件成功121122
2022-11-28 14:30:26,607-doExcel.py:[48]-[DEBUG]-读取文件成功13986128128
2022-11-28 14:30:26,607-doExcel.py:[48]-[DEBUG]-读取文件成功121
2022-11-28 14:30:26,607-doExcel.py:[48]-[DEBUG]-读取文件成功13986128128
2022-11-28 14:30:26,608-doExcel.py:[48]-[DEBUG]-读取文件成功121456789123456789632
2022-11-28 14:30:26,608-doExcel.py:[48]-[DEBUG]-读取文件成功13986128128555555555
2022-11-28 14:30:26,608-doExcel.py:[48]-[DEBUG]-读取文件成功121456789123456789632
2022-11-28 14:30:26,608-doExcel.py:[48]-[DEBUG]-读取文件成功13986
2022-11-28 14:30:26,608-doExcel.py:[48]-[DEBUG]-读取文件成功121
2022-11-28 14:30:26,608-doExcel.py:[48]-[DEBUG]-读取文件成功[formcontrolname='userName']
2022-11-28 14:30:26,608-doExcel.py:[48]-[DEBUG]-读取文件成功[formcontrolname='password']
2022-11-28 14:30:26,609-doExcel.py:[48]-[DEBUG]-读取文件成功[type='submit']
2022-11-28 14:30:26,609-doExcel.py:[48]-[DEBUG]-读取文件成功/html/body/app-root/layout-passport/div/div/passport-login/div/form/nz-form-item[1]/nz-form-control/div/nz-form-explain/div
2022-11-28 14:30:26,609-doExcel.py:[48]-[DEBUG]-读取文件成功/html/body/app-root/layout-passport/div/div/passport-login/div/form/nz-form-item[2]/nz-form-control/div/nz-form-explain/div
2022-11-28 14:30:26,609-doExcel.py:[48]-[DEBUG]-读取文件成功//*[@id="cdk-overlay-1"]/nz-modal/div/div[2]/div[1]/div/div/div/div[1]/span/span
2022-11-28 14:30:26,609-doExcel.py:[48]-[DEBUG]-读取文件成功//*[@id="cdk-overlay-1"]/nz-modal/div/div[2]/div[1]/div/div/div/div[2]/button
2022-11-28 14:31:29,537-basePage.py:[57]-[INFO]-未发生异常页面打开成功：http://139.199.0.102/passport/login
2022-11-28 14:31:29,599-basePage.py:[70]-[DEBUG]-元素定位成功，定位成功信息是:('css selector', "[formcontrolname='userName']")
2022-11-28 14:31:29,762-basePage.py:[82]-[DEBUG]-输入内容成功
2022-11-28 14:31:29,836-basePage.py:[70]-[DEBUG]-元素定位成功，定位成功信息是:('css selector', "[formcontrolname='password']")
2022-11-28 14:31:29,932-basePage.py:[82]-[DEBUG]-输入内容成功
2022-11-28 14:31:29,961-basePage.py:[70]-[DEBUG]-元素定位成功，定位成功信息是:('css selector', "[type='submit']")
2022-11-28 14:31:29,992-basePage.py:[117]-[DEBUG]-点击成功
2022-11-28 14:31:53,065-basePage.py:[70]-[DEBUG]-元素定位成功，定位成功信息是:('css selector', '.teachHeadPic.ng-star-inserted')
2022-11-28 14:31:53,476-basePage.py:[70]-[DEBUG]-元素定位成功，定位成功信息是:('xpath', "//div[text()='退出账号']")
2022-11-28 14:31:53,547-basePage.py:[117]-[DEBUG]-点击成功
2022-11-28 14:31:53,585-basePage.py:[70]-[DEBUG]-元素定位成功，定位成功信息是:('css selector', '.ant-modal-confirm-btns>button:nth-child(2)')
2022-11-28 14:31:53,627-basePage.py:[117]-[DEBUG]-点击成功
2022-11-28 14:31:58,446-basePage.py:[57]-[INFO]-未发生异常页面打开成功：http://139.199.0.102/passport/login
2022-11-28 14:31:58,522-basePage.py:[70]-[DEBUG]-元素定位成功，定位成功信息是:('css selector', "[formcontrolname='userName']")
2022-11-28 14:31:58,614-basePage.py:[82]-[DEBUG]-输入内容成功
2022-11-28 14:31:58,654-basePage.py:[70]-[DEBUG]-元素定位成功，定位成功信息是:('css selector', "[formcontrolname='password']")
2022-11-28 14:31:58,718-basePage.py:[82]-[DEBUG]-输入内容成功
2022-11-28 14:31:58,745-basePage.py:[70]-[DEBUG]-元素定位成功，定位成功信息是:('css selector', "[type='submit']")
2022-11-28 14:31:58,764-basePage.py:[117]-[DEBUG]-点击成功
2022-11-28 14:32:18,810-basePage.py:[70]-[DEBUG]-元素定位成功，定位成功信息是:('xpath', '/html/body/app-root/layout-passport/div/div/passport-login/div/form/nz-form-item[1]/nz-form-control/div/nz-form-explain/div')
2022-11-28 14:32:18,830-basePage.py:[93]-[DEBUG]-文本获取成功：请输入手机号码
2022-11-28 14:32:18,857-basePage.py:[70]-[DEBUG]-元素定位成功，定位成功信息是:('xpath', '/html/body/app-root/layout-passport/div/div/passport-login/div/form/nz-form-item[2]/nz-form-control/div/nz-form-explain/div')
2022-11-28 14:32:18,879-basePage.py:[93]-[DEBUG]-文本获取成功：请输入6-20位账户密码
2022-11-28 15:18:28,866-doExcel.py:[31]-[DEBUG]-excel表打开成功
2022-11-28 15:18:28,867-doExcel.py:[39]-[DEBUG]-sheet页定位成功
2022-11-28 15:18:28,874-doExcel.py:[31]-[DEBUG]-excel表打开成功
2022-11-28 15:18:28,874-doExcel.py:[39]-[DEBUG]-sheet页定位成功
2022-11-28 15:18:28,874-doExcel.py:[48]-[DEBUG]-读取文件成功.teachHeadPic.ng-star-inserted
2022-11-28 15:18:28,874-doExcel.py:[48]-[DEBUG]-读取文件成功//div[text()='退出账号']
2022-11-28 15:18:28,874-doExcel.py:[48]-[DEBUG]-读取文件成功.ant-modal-confirm-btns>button:nth-child(2)
2022-11-28 15:18:28,875-doExcel.py:[48]-[DEBUG]-读取文件成功13986128128
2022-11-28 15:18:28,875-doExcel.py:[48]-[DEBUG]-读取文件成功121121
2022-11-28 15:18:28,875-doExcel.py:[48]-[DEBUG]-读取文件成功
2022-11-28 15:18:28,875-doExcel.py:[48]-[DEBUG]-读取文件成功
2022-11-28 15:18:28,875-doExcel.py:[48]-[DEBUG]-读取文件成功
2022-11-28 15:18:28,875-doExcel.py:[48]-[DEBUG]-读取文件成功121121
2022-11-28 15:18:28,875-doExcel.py:[48]-[DEBUG]-读取文件成功13986128128
2022-11-28 15:18:28,875-doExcel.py:[48]-[DEBUG]-读取文件成功
2022-11-28 15:18:28,875-doExcel.py:[48]-[DEBUG]-读取文件成功13986138138
2022-11-28 15:18:28,875-doExcel.py:[48]-[DEBUG]-读取文件成功121121
2022-11-28 15:18:28,875-doExcel.py:[48]-[DEBUG]-读取文件成功13986128128
2022-11-28 15:18:28,875-doExcel.py:[48]-[DEBUG]-读取文件成功125555522
2022-11-28 15:18:28,875-doExcel.py:[48]-[DEBUG]-读取文件成功13986138138
2022-11-28 15:18:28,876-doExcel.py:[48]-[DEBUG]-读取文件成功125555523
2022-11-28 15:18:28,876-doExcel.py:[48]-[DEBUG]-读取文件成功13986
2022-11-28 15:18:28,876-doExcel.py:[48]-[DEBUG]-读取文件成功121121
2022-11-28 15:18:28,876-doExcel.py:[48]-[DEBUG]-读取文件成功13986128128555555555
2022-11-28 15:18:28,876-doExcel.py:[48]-[DEBUG]-读取文件成功121122
2022-11-28 15:18:28,876-doExcel.py:[48]-[DEBUG]-读取文件成功13986128128
2022-11-28 15:18:28,876-doExcel.py:[48]-[DEBUG]-读取文件成功121
2022-11-28 15:18:28,876-doExcel.py:[48]-[DEBUG]-读取文件成功13986128128
2022-11-28 15:18:28,876-doExcel.py:[48]-[DEBUG]-读取文件成功121456789123456789632
2022-11-28 15:18:28,876-doExcel.py:[48]-[DEBUG]-读取文件成功13986128128555555555
2022-11-28 15:18:28,876-doExcel.py:[48]-[DEBUG]-读取文件成功121456789123456789632
2022-11-28 15:18:28,876-doExcel.py:[48]-[DEBUG]-读取文件成功13986
2022-11-28 15:18:28,876-doExcel.py:[48]-[DEBUG]-读取文件成功121
2022-11-28 15:18:28,877-doExcel.py:[48]-[DEBUG]-读取文件成功[formcontrolname='userName']
2022-11-28 15:18:28,877-doExcel.py:[48]-[DEBUG]-读取文件成功[formcontrolname='password']
2022-11-28 15:18:28,877-doExcel.py:[48]-[DEBUG]-读取文件成功[type='submit']
2022-11-28 15:18:28,877-doExcel.py:[48]-[DEBUG]-读取文件成功/html/body/app-root/layout-passport/div/div/passport-login/div/form/nz-form-item[1]/nz-form-control/div/nz-form-explain/div
2022-11-28 15:18:28,877-doExcel.py:[48]-[DEBUG]-读取文件成功/html/body/app-root/layout-passport/div/div/passport-login/div/form/nz-form-item[2]/nz-form-control/div/nz-form-explain/div
2022-11-28 15:18:28,877-doExcel.py:[48]-[DEBUG]-读取文件成功//*[@id="cdk-overlay-1"]/nz-modal/div/div[2]/div[1]/div/div/div/div[1]/span/span
2022-11-28 15:18:28,877-doExcel.py:[48]-[DEBUG]-读取文件成功//*[@id="cdk-overlay-1"]/nz-modal/div/div[2]/div[1]/div/div/div/div[2]/button
2022-11-28 15:18:28,896-doreport.py:[33]-[ERROR]-测试报告生成失败,失败原因是binary mode doesn't take an encoding argument
Traceback (most recent call last):
  File "D:\pythonCoding\webAutoProject\common\doreport.py", line 29, in doHtmlTestReport
    with open(filename,"wb",encoding="utf-8") as f:
ValueError: binary mode doesn't take an encoding argument
2022-11-28 15:20:07,614-doExcel.py:[31]-[DEBUG]-excel表打开成功
2022-11-28 15:20:07,615-doExcel.py:[39]-[DEBUG]-sheet页定位成功
2022-11-28 15:20:07,629-doExcel.py:[31]-[DEBUG]-excel表打开成功
2022-11-28 15:20:07,629-doExcel.py:[39]-[DEBUG]-sheet页定位成功
2022-11-28 15:20:07,629-doExcel.py:[48]-[DEBUG]-读取文件成功.teachHeadPic.ng-star-inserted
2022-11-28 15:20:07,630-doExcel.py:[48]-[DEBUG]-读取文件成功//div[text()='退出账号']
2022-11-28 15:20:07,630-doExcel.py:[48]-[DEBUG]-读取文件成功.ant-modal-confirm-btns>button:nth-child(2)
2022-11-28 15:20:07,630-doExcel.py:[48]-[DEBUG]-读取文件成功13986128128
2022-11-28 15:20:07,630-doExcel.py:[48]-[DEBUG]-读取文件成功121121
2022-11-28 15:20:07,630-doExcel.py:[48]-[DEBUG]-读取文件成功
2022-11-28 15:20:07,630-doExcel.py:[48]-[DEBUG]-读取文件成功
2022-11-28 15:20:07,631-doExcel.py:[48]-[DEBUG]-读取文件成功
2022-11-28 15:20:07,631-doExcel.py:[48]-[DEBUG]-读取文件成功121121
2022-11-28 15:20:07,631-doExcel.py:[48]-[DEBUG]-读取文件成功13986128128
2022-11-28 15:20:07,631-doExcel.py:[48]-[DEBUG]-读取文件成功
2022-11-28 15:20:07,631-doExcel.py:[48]-[DEBUG]-读取文件成功13986138138
2022-11-28 15:20:07,632-doExcel.py:[48]-[DEBUG]-读取文件成功121121
2022-11-28 15:20:07,632-doExcel.py:[48]-[DEBUG]-读取文件成功13986128128
2022-11-28 15:20:07,632-doExcel.py:[48]-[DEBUG]-读取文件成功125555522
2022-11-28 15:20:07,632-doExcel.py:[48]-[DEBUG]-读取文件成功13986138138
2022-11-28 15:20:07,632-doExcel.py:[48]-[DEBUG]-读取文件成功125555523
2022-11-28 15:20:07,632-doExcel.py:[48]-[DEBUG]-读取文件成功13986
2022-11-28 15:20:07,632-doExcel.py:[48]-[DEBUG]-读取文件成功121121
2022-11-28 15:20:07,632-doExcel.py:[48]-[DEBUG]-读取文件成功13986128128555555555
2022-11-28 15:20:07,633-doExcel.py:[48]-[DEBUG]-读取文件成功121122
2022-11-28 15:20:07,633-doExcel.py:[48]-[DEBUG]-读取文件成功13986128128
2022-11-28 15:20:07,633-doExcel.py:[48]-[DEBUG]-读取文件成功121
2022-11-28 15:20:07,633-doExcel.py:[48]-[DEBUG]-读取文件成功13986128128
2022-11-28 15:20:07,633-doExcel.py:[48]-[DEBUG]-读取文件成功121456789123456789632
2022-11-28 15:20:07,633-doExcel.py:[48]-[DEBUG]-读取文件成功13986128128555555555
2022-11-28 15:20:07,633-doExcel.py:[48]-[DEBUG]-读取文件成功121456789123456789632
2022-11-28 15:20:07,633-doExcel.py:[48]-[DEBUG]-读取文件成功13986
2022-11-28 15:20:07,634-doExcel.py:[48]-[DEBUG]-读取文件成功121
2022-11-28 15:20:07,634-doExcel.py:[48]-[DEBUG]-读取文件成功[formcontrolname='userName']
2022-11-28 15:20:07,634-doExcel.py:[48]-[DEBUG]-读取文件成功[formcontrolname='password']
2022-11-28 15:20:07,634-doExcel.py:[48]-[DEBUG]-读取文件成功[type='submit']
2022-11-28 15:20:07,634-doExcel.py:[48]-[DEBUG]-读取文件成功/html/body/app-root/layout-passport/div/div/passport-login/div/form/nz-form-item[1]/nz-form-control/div/nz-form-explain/div
2022-11-28 15:20:07,634-doExcel.py:[48]-[DEBUG]-读取文件成功/html/body/app-root/layout-passport/div/div/passport-login/div/form/nz-form-item[2]/nz-form-control/div/nz-form-explain/div
2022-11-28 15:20:07,634-doExcel.py:[48]-[DEBUG]-读取文件成功//*[@id="cdk-overlay-1"]/nz-modal/div/div[2]/div[1]/div/div/div/div[1]/span/span
2022-11-28 15:20:07,634-doExcel.py:[48]-[DEBUG]-读取文件成功//*[@id="cdk-overlay-1"]/nz-modal/div/div[2]/div[1]/div/div/div/div[2]/button
2022-11-28 15:20:07,650-doreport.py:[34]-[ERROR]-测试报告生成失败,失败原因是binary mode doesn't take an encoding argument
Traceback (most recent call last):
  File "D:\pythonCoding\webAutoProject\common\doreport.py", line 29, in doHtmlTestReport
    with open(filename,"wb",encoding="utf-8") as f:
ValueError: binary mode doesn't take an encoding argument
2022-11-28 15:27:21,969-doExcel.py:[31]-[DEBUG]-excel表打开成功
2022-11-28 15:27:21,970-doExcel.py:[39]-[DEBUG]-sheet页定位成功
2022-11-28 15:27:21,978-doExcel.py:[31]-[DEBUG]-excel表打开成功
2022-11-28 15:27:21,978-doExcel.py:[39]-[DEBUG]-sheet页定位成功
2022-11-28 15:27:21,979-doExcel.py:[48]-[DEBUG]-读取文件成功.teachHeadPic.ng-star-inserted
2022-11-28 15:27:21,979-doExcel.py:[48]-[DEBUG]-读取文件成功//div[text()='退出账号']
2022-11-28 15:27:21,979-doExcel.py:[48]-[DEBUG]-读取文件成功.ant-modal-confirm-btns>button:nth-child(2)
2022-11-28 15:27:21,979-doExcel.py:[48]-[DEBUG]-读取文件成功13986128128
2022-11-28 15:27:21,979-doExcel.py:[48]-[DEBUG]-读取文件成功121121
2022-11-28 15:27:21,979-doExcel.py:[48]-[DEBUG]-读取文件成功
2022-11-28 15:27:21,980-doExcel.py:[48]-[DEBUG]-读取文件成功
2022-11-28 15:27:21,980-doExcel.py:[48]-[DEBUG]-读取文件成功
2022-11-28 15:27:21,980-doExcel.py:[48]-[DEBUG]-读取文件成功121121
2022-11-28 15:27:21,980-doExcel.py:[48]-[DEBUG]-读取文件成功13986128128
2022-11-28 15:27:21,980-doExcel.py:[48]-[DEBUG]-读取文件成功
2022-11-28 15:27:21,980-doExcel.py:[48]-[DEBUG]-读取文件成功13986138138
2022-11-28 15:27:21,980-doExcel.py:[48]-[DEBUG]-读取文件成功121121
2022-11-28 15:27:21,980-doExcel.py:[48]-[DEBUG]-读取文件成功13986128128
2022-11-28 15:27:21,980-doExcel.py:[48]-[DEBUG]-读取文件成功125555522
2022-11-28 15:27:21,980-doExcel.py:[48]-[DEBUG]-读取文件成功13986138138
2022-11-28 15:27:21,980-doExcel.py:[48]-[DEBUG]-读取文件成功125555523
2022-11-28 15:27:21,980-doExcel.py:[48]-[DEBUG]-读取文件成功13986
2022-11-28 15:27:21,980-doExcel.py:[48]-[DEBUG]-读取文件成功121121
2022-11-28 15:27:21,981-doExcel.py:[48]-[DEBUG]-读取文件成功13986128128555555555
2022-11-28 15:27:21,981-doExcel.py:[48]-[DEBUG]-读取文件成功121122
2022-11-28 15:27:21,981-doExcel.py:[48]-[DEBUG]-读取文件成功13986128128
2022-11-28 15:27:21,981-doExcel.py:[48]-[DEBUG]-读取文件成功121
2022-11-28 15:27:21,981-doExcel.py:[48]-[DEBUG]-读取文件成功13986128128
2022-11-28 15:27:21,981-doExcel.py:[48]-[DEBUG]-读取文件成功121456789123456789632
2022-11-28 15:27:21,981-doExcel.py:[48]-[DEBUG]-读取文件成功13986128128555555555
2022-11-28 15:27:21,981-doExcel.py:[48]-[DEBUG]-读取文件成功121456789123456789632
2022-11-28 15:27:21,981-doExcel.py:[48]-[DEBUG]-读取文件成功13986
2022-11-28 15:27:21,981-doExcel.py:[48]-[DEBUG]-读取文件成功121
2022-11-28 15:27:21,981-doExcel.py:[48]-[DEBUG]-读取文件成功[formcontrolname='userName']
2022-11-28 15:27:21,982-doExcel.py:[48]-[DEBUG]-读取文件成功[formcontrolname='password']
2022-11-28 15:27:21,982-doExcel.py:[48]-[DEBUG]-读取文件成功[type='submit']
2022-11-28 15:27:21,982-doExcel.py:[48]-[DEBUG]-读取文件成功/html/body/app-root/layout-passport/div/div/passport-login/div/form/nz-form-item[1]/nz-form-control/div/nz-form-explain/div
2022-11-28 15:27:21,982-doExcel.py:[48]-[DEBUG]-读取文件成功/html/body/app-root/layout-passport/div/div/passport-login/div/form/nz-form-item[2]/nz-form-control/div/nz-form-explain/div
2022-11-28 15:27:21,982-doExcel.py:[48]-[DEBUG]-读取文件成功//*[@id="cdk-overlay-1"]/nz-modal/div/div[2]/div[1]/div/div/div/div[1]/span/span
2022-11-28 15:27:21,982-doExcel.py:[48]-[DEBUG]-读取文件成功//*[@id="cdk-overlay-1"]/nz-modal/div/div[2]/div[1]/div/div/div/div[2]/button
2022-11-28 15:28:38,988-basePage.py:[57]-[INFO]-未发生异常页面打开成功：http://139.199.0.102/passport/login
2022-11-28 15:28:39,040-basePage.py:[70]-[DEBUG]-元素定位成功，定位成功信息是:('css selector', "[formcontrolname='userName']")
2022-11-28 15:28:39,232-basePage.py:[82]-[DEBUG]-输入内容成功
2022-11-28 15:28:39,301-basePage.py:[70]-[DEBUG]-元素定位成功，定位成功信息是:('css selector', "[formcontrolname='password']")
2022-11-28 15:28:39,420-basePage.py:[82]-[DEBUG]-输入内容成功
2022-11-28 15:28:39,448-basePage.py:[70]-[DEBUG]-元素定位成功，定位成功信息是:('css selector', "[type='submit']")
2022-11-28 15:28:39,474-basePage.py:[117]-[DEBUG]-点击成功
2022-11-28 15:29:02,536-basePage.py:[70]-[DEBUG]-元素定位成功，定位成功信息是:('css selector', '.teachHeadPic.ng-star-inserted')
2022-11-28 15:29:02,931-basePage.py:[70]-[DEBUG]-元素定位成功，定位成功信息是:('xpath', "//div[text()='退出账号']")
2022-11-28 15:29:02,994-basePage.py:[117]-[DEBUG]-点击成功
2022-11-28 15:29:03,033-basePage.py:[70]-[DEBUG]-元素定位成功，定位成功信息是:('css selector', '.ant-modal-confirm-btns>button:nth-child(2)')
2022-11-28 15:29:03,070-basePage.py:[117]-[DEBUG]-点击成功
2022-11-28 15:29:08,103-basePage.py:[57]-[INFO]-未发生异常页面打开成功：http://139.199.0.102/passport/login
2022-11-28 15:29:08,177-basePage.py:[70]-[DEBUG]-元素定位成功，定位成功信息是:('css selector', "[formcontrolname='userName']")
2022-11-28 15:29:08,245-basePage.py:[82]-[DEBUG]-输入内容成功
2022-11-28 15:29:08,274-basePage.py:[70]-[DEBUG]-元素定位成功，定位成功信息是:('css selector', "[formcontrolname='password']")
2022-11-28 15:29:08,347-basePage.py:[82]-[DEBUG]-输入内容成功
2022-11-28 15:29:08,374-basePage.py:[70]-[DEBUG]-元素定位成功，定位成功信息是:('css selector', "[type='submit']")
2022-11-28 15:29:08,392-basePage.py:[117]-[DEBUG]-点击成功
2022-11-28 15:29:28,443-basePage.py:[70]-[DEBUG]-元素定位成功，定位成功信息是:('xpath', '/html/body/app-root/layout-passport/div/div/passport-login/div/form/nz-form-item[1]/nz-form-control/div/nz-form-explain/div')
2022-11-28 15:29:28,467-basePage.py:[93]-[DEBUG]-文本获取成功：请输入手机号码
2022-11-28 15:29:28,498-basePage.py:[70]-[DEBUG]-元素定位成功，定位成功信息是:('xpath', '/html/body/app-root/layout-passport/div/div/passport-login/div/form/nz-form-item[2]/nz-form-control/div/nz-form-explain/div')
2022-11-28 15:29:28,517-basePage.py:[93]-[DEBUG]-文本获取成功：请输入6-20位账户密码
2022-11-28 15:42:16,993-doExcel.py:[31]-[DEBUG]-excel表打开成功
2022-11-28 15:42:16,993-doExcel.py:[39]-[DEBUG]-sheet页定位成功
2022-11-28 15:42:17,002-doExcel.py:[31]-[DEBUG]-excel表打开成功
2022-11-28 15:42:17,002-doExcel.py:[39]-[DEBUG]-sheet页定位成功
2022-11-28 15:42:17,002-doExcel.py:[48]-[DEBUG]-读取文件成功.teachHeadPic.ng-star-inserted
2022-11-28 15:42:17,003-doExcel.py:[48]-[DEBUG]-读取文件成功//div[text()='退出账号']
2022-11-28 15:42:17,003-doExcel.py:[48]-[DEBUG]-读取文件成功.ant-modal-confirm-btns>button:nth-child(2)
2022-11-28 15:42:17,003-doExcel.py:[48]-[DEBUG]-读取文件成功13986128128
2022-11-28 15:42:17,003-doExcel.py:[48]-[DEBUG]-读取文件成功121121
2022-11-28 15:42:17,003-doExcel.py:[48]-[DEBUG]-读取文件成功
2022-11-28 15:42:17,003-doExcel.py:[48]-[DEBUG]-读取文件成功
2022-11-28 15:42:17,003-doExcel.py:[48]-[DEBUG]-读取文件成功
2022-11-28 15:42:17,003-doExcel.py:[48]-[DEBUG]-读取文件成功121121
2022-11-28 15:42:17,004-doExcel.py:[48]-[DEBUG]-读取文件成功13986128128
2022-11-28 15:42:17,004-doExcel.py:[48]-[DEBUG]-读取文件成功
2022-11-28 15:42:17,004-doExcel.py:[48]-[DEBUG]-读取文件成功13986138138
2022-11-28 15:42:17,004-doExcel.py:[48]-[DEBUG]-读取文件成功121121
2022-11-28 15:42:17,004-doExcel.py:[48]-[DEBUG]-读取文件成功13986128128
2022-11-28 15:42:17,004-doExcel.py:[48]-[DEBUG]-读取文件成功125555522
2022-11-28 15:42:17,004-doExcel.py:[48]-[DEBUG]-读取文件成功13986138138
2022-11-28 15:42:17,004-doExcel.py:[48]-[DEBUG]-读取文件成功125555523
2022-11-28 15:42:17,004-doExcel.py:[48]-[DEBUG]-读取文件成功13986
2022-11-28 15:42:17,004-doExcel.py:[48]-[DEBUG]-读取文件成功121121
2022-11-28 15:42:17,004-doExcel.py:[48]-[DEBUG]-读取文件成功13986128128555555555
2022-11-28 15:42:17,005-doExcel.py:[48]-[DEBUG]-读取文件成功121122
2022-11-28 15:42:17,005-doExcel.py:[48]-[DEBUG]-读取文件成功13986128128
2022-11-28 15:42:17,005-doExcel.py:[48]-[DEBUG]-读取文件成功121
2022-11-28 15:42:17,005-doExcel.py:[48]-[DEBUG]-读取文件成功13986128128
2022-11-28 15:42:17,005-doExcel.py:[48]-[DEBUG]-读取文件成功121456789123456789632
2022-11-28 15:42:17,005-doExcel.py:[48]-[DEBUG]-读取文件成功13986128128555555555
2022-11-28 15:42:17,005-doExcel.py:[48]-[DEBUG]-读取文件成功121456789123456789632
2022-11-28 15:42:17,006-doExcel.py:[48]-[DEBUG]-读取文件成功13986
2022-11-28 15:42:17,006-doExcel.py:[48]-[DEBUG]-读取文件成功121
2022-11-28 15:42:17,006-doExcel.py:[48]-[DEBUG]-读取文件成功[formcontrolname='userName']
2022-11-28 15:42:17,006-doExcel.py:[48]-[DEBUG]-读取文件成功[formcontrolname='password']
2022-11-28 15:42:17,006-doExcel.py:[48]-[DEBUG]-读取文件成功[type='submit']
2022-11-28 15:42:17,006-doExcel.py:[48]-[DEBUG]-读取文件成功/html/body/app-root/layout-passport/div/div/passport-login/div/form/nz-form-item[1]/nz-form-control/div/nz-form-explain/div
2022-11-28 15:42:17,006-doExcel.py:[48]-[DEBUG]-读取文件成功/html/body/app-root/layout-passport/div/div/passport-login/div/form/nz-form-item[2]/nz-form-control/div/nz-form-explain/div
2022-11-28 15:42:17,006-doExcel.py:[48]-[DEBUG]-读取文件成功//*[@id="cdk-overlay-1"]/nz-modal/div/div[2]/div[1]/div/div/div/div[1]/span/span
2022-11-28 15:42:17,006-doExcel.py:[48]-[DEBUG]-读取文件成功//*[@id="cdk-overlay-1"]/nz-modal/div/div[2]/div[1]/div/div/div/div[2]/button
2022-11-28 15:42:48,716-basePage.py:[57]-[INFO]-未发生异常页面打开成功：http://139.199.0.102/passport/login
2022-11-28 15:42:48,792-basePage.py:[70]-[DEBUG]-元素定位成功，定位成功信息是:('css selector', "[formcontrolname='userName']")
2022-11-28 15:42:49,051-basePage.py:[82]-[DEBUG]-输入内容成功
2022-11-28 15:42:49,083-basePage.py:[70]-[DEBUG]-元素定位成功，定位成功信息是:('css selector', "[formcontrolname='password']")
2022-11-28 15:42:49,219-basePage.py:[82]-[DEBUG]-输入内容成功
2022-11-28 15:42:49,248-basePage.py:[70]-[DEBUG]-元素定位成功，定位成功信息是:('css selector', "[type='submit']")
2022-11-28 15:42:49,278-basePage.py:[117]-[DEBUG]-点击成功
2022-11-28 15:43:12,335-basePage.py:[70]-[DEBUG]-元素定位成功，定位成功信息是:('css selector', '.teachHeadPic.ng-star-inserted')
2022-11-28 15:43:12,736-basePage.py:[70]-[DEBUG]-元素定位成功，定位成功信息是:('xpath', "//div[text()='退出账号']")
2022-11-28 15:43:12,797-basePage.py:[117]-[DEBUG]-点击成功
2022-11-28 15:43:12,831-basePage.py:[70]-[DEBUG]-元素定位成功，定位成功信息是:('css selector', '.ant-modal-confirm-btns>button:nth-child(2)')
2022-11-28 15:43:12,890-basePage.py:[117]-[DEBUG]-点击成功
2022-11-28 15:43:17,554-basePage.py:[57]-[INFO]-未发生异常页面打开成功：http://139.199.0.102/passport/login
2022-11-28 15:43:17,585-basePage.py:[70]-[DEBUG]-元素定位成功，定位成功信息是:('css selector', "[formcontrolname='userName']")
2022-11-28 15:43:17,731-basePage.py:[82]-[DEBUG]-输入内容成功
2022-11-28 15:43:17,768-basePage.py:[70]-[DEBUG]-元素定位成功，定位成功信息是:('css selector', "[formcontrolname='password']")
2022-11-28 15:43:17,855-basePage.py:[82]-[DEBUG]-输入内容成功
2022-11-28 15:43:17,904-basePage.py:[70]-[DEBUG]-元素定位成功，定位成功信息是:('css selector', "[type='submit']")
2022-11-28 15:43:17,925-basePage.py:[117]-[DEBUG]-点击成功
2022-11-28 15:43:37,979-basePage.py:[70]-[DEBUG]-元素定位成功，定位成功信息是:('xpath', '/html/body/app-root/layout-passport/div/div/passport-login/div/form/nz-form-item[1]/nz-form-control/div/nz-form-explain/div')
2022-11-28 15:43:37,997-basePage.py:[93]-[DEBUG]-文本获取成功：请输入手机号码
2022-11-28 15:43:38,084-basePage.py:[70]-[DEBUG]-元素定位成功，定位成功信息是:('xpath', '/html/body/app-root/layout-passport/div/div/passport-login/div/form/nz-form-item[2]/nz-form-control/div/nz-form-explain/div')
2022-11-28 15:43:38,103-basePage.py:[93]-[DEBUG]-文本获取成功：请输入6-20位账户密码
2022-11-28 16:16:35,352-doExcel.py:[31]-[DEBUG]-excel表打开成功
2022-11-28 16:16:35,353-doExcel.py:[39]-[DEBUG]-sheet页定位成功
2022-11-28 16:16:35,360-doExcel.py:[31]-[DEBUG]-excel表打开成功
2022-11-28 16:16:35,360-doExcel.py:[39]-[DEBUG]-sheet页定位成功
2022-11-28 16:16:35,361-doExcel.py:[48]-[DEBUG]-读取文件成功.teachHeadPic.ng-star-inserted
2022-11-28 16:16:35,361-doExcel.py:[48]-[DEBUG]-读取文件成功//div[text()='退出账号']
2022-11-28 16:16:35,361-doExcel.py:[48]-[DEBUG]-读取文件成功.ant-modal-confirm-btns>button:nth-child(2)
2022-11-28 16:16:35,361-doExcel.py:[48]-[DEBUG]-读取文件成功13986128128
2022-11-28 16:16:35,361-doExcel.py:[48]-[DEBUG]-读取文件成功121121
2022-11-28 16:16:35,361-doExcel.py:[48]-[DEBUG]-读取文件成功
2022-11-28 16:16:35,361-doExcel.py:[48]-[DEBUG]-读取文件成功
2022-11-28 16:16:35,361-doExcel.py:[48]-[DEBUG]-读取文件成功
2022-11-28 16:16:35,361-doExcel.py:[48]-[DEBUG]-读取文件成功121121
2022-11-28 16:16:35,361-doExcel.py:[48]-[DEBUG]-读取文件成功13986128128
2022-11-28 16:16:35,361-doExcel.py:[48]-[DEBUG]-读取文件成功
2022-11-28 16:16:35,361-doExcel.py:[48]-[DEBUG]-读取文件成功13986138138
2022-11-28 16:16:35,362-doExcel.py:[48]-[DEBUG]-读取文件成功121121
2022-11-28 16:16:35,362-doExcel.py:[48]-[DEBUG]-读取文件成功13986128128
2022-11-28 16:16:35,362-doExcel.py:[48]-[DEBUG]-读取文件成功125555522
2022-11-28 16:16:35,362-doExcel.py:[48]-[DEBUG]-读取文件成功13986138138
2022-11-28 16:16:35,362-doExcel.py:[48]-[DEBUG]-读取文件成功125555523
2022-11-28 16:16:35,363-doExcel.py:[48]-[DEBUG]-读取文件成功13986
2022-11-28 16:16:35,363-doExcel.py:[48]-[DEBUG]-读取文件成功121121
2022-11-28 16:16:35,363-doExcel.py:[48]-[DEBUG]-读取文件成功13986128128555555555
2022-11-28 16:16:35,363-doExcel.py:[48]-[DEBUG]-读取文件成功121122
2022-11-28 16:16:35,363-doExcel.py:[48]-[DEBUG]-读取文件成功13986128128
2022-11-28 16:16:35,363-doExcel.py:[48]-[DEBUG]-读取文件成功121
2022-11-28 16:16:35,363-doExcel.py:[48]-[DEBUG]-读取文件成功13986128128
2022-11-28 16:16:35,363-doExcel.py:[48]-[DEBUG]-读取文件成功121456789123456789632
2022-11-28 16:16:35,364-doExcel.py:[48]-[DEBUG]-读取文件成功13986128128555555555
2022-11-28 16:16:35,364-doExcel.py:[48]-[DEBUG]-读取文件成功121456789123456789632
2022-11-28 16:16:35,364-doExcel.py:[48]-[DEBUG]-读取文件成功13986
2022-11-28 16:16:35,364-doExcel.py:[48]-[DEBUG]-读取文件成功121
2022-11-28 16:16:35,364-doExcel.py:[48]-[DEBUG]-读取文件成功[formcontrolname='userName']
2022-11-28 16:16:35,364-doExcel.py:[48]-[DEBUG]-读取文件成功[formcontrolname='password']
2022-11-28 16:16:35,364-doExcel.py:[48]-[DEBUG]-读取文件成功[type='submit']
2022-11-28 16:16:35,364-doExcel.py:[48]-[DEBUG]-读取文件成功/html/body/app-root/layout-passport/div/div/passport-login/div/form/nz-form-item[1]/nz-form-control/div/nz-form-explain/div
2022-11-28 16:16:35,364-doExcel.py:[48]-[DEBUG]-读取文件成功/html/body/app-root/layout-passport/div/div/passport-login/div/form/nz-form-item[2]/nz-form-control/div/nz-form-explain/div
2022-11-28 16:16:35,365-doExcel.py:[48]-[DEBUG]-读取文件成功//*[@id="cdk-overlay-1"]/nz-modal/div/div[2]/div[1]/div/div/div/div[1]/span/span
2022-11-28 16:16:35,365-doExcel.py:[48]-[DEBUG]-读取文件成功//*[@id="cdk-overlay-1"]/nz-modal/div/div[2]/div[1]/div/div/div/div[2]/button
2022-11-28 16:16:46,886-basePage.py:[57]-[INFO]-未发生异常页面打开成功：http://139.199.0.102/passport/login
2022-11-28 16:16:46,964-basePage.py:[70]-[DEBUG]-元素定位成功，定位成功信息是:('css selector', "[formcontrolname='userName']")
2022-11-28 16:16:47,122-basePage.py:[82]-[DEBUG]-输入内容成功
2022-11-28 16:16:47,179-basePage.py:[70]-[DEBUG]-元素定位成功，定位成功信息是:('css selector', "[formcontrolname='password']")
2022-11-28 16:16:47,336-basePage.py:[82]-[DEBUG]-输入内容成功
2022-11-28 16:16:47,371-basePage.py:[70]-[DEBUG]-元素定位成功，定位成功信息是:('css selector', "[type='submit']")
2022-11-28 16:16:47,408-basePage.py:[117]-[DEBUG]-点击成功
2022-11-28 16:16:59,506-basePage.py:[70]-[DEBUG]-元素定位成功，定位成功信息是:('xpath', "//span[text()='学员管理']")
2022-11-28 16:16:59,619-basePage.py:[117]-[DEBUG]-点击成功
2022-11-28 16:17:02,142-basePage.py:[70]-[DEBUG]-元素定位成功，定位成功信息是:('xpath', "//div[text()='招生跟进']")
2022-11-28 16:17:02,305-basePage.py:[117]-[DEBUG]-点击成功
2022-11-28 16:17:07,314-basePage.py:[57]-[INFO]-未发生异常页面打开成功：http://139.199.0.102/passport/login
2022-11-28 16:17:17,498-basePage.py:[66]-[ERROR]-定位元素失败异常信息是：Message: 

定位失败信息：('css selector', "[formcontrolname='userName']")
2022-11-28 16:17:17,498-basePage.py:[79]-[ERROR]-输入内容失败：13986128128
失败原因是'NoneType' object has no attribute 'send_keys'
2022-11-28 16:17:27,634-basePage.py:[66]-[ERROR]-定位元素失败异常信息是：Message: 

定位失败信息：('css selector', "[formcontrolname='password']")
2022-11-28 16:17:27,634-basePage.py:[79]-[ERROR]-输入内容失败：121121
失败原因是'NoneType' object has no attribute 'send_keys'
2022-11-28 16:17:37,760-basePage.py:[66]-[ERROR]-定位元素失败异常信息是：Message: 

定位失败信息：('css selector', "[type='submit']")
2022-11-28 16:17:37,878-basePage.py:[114]-[ERROR]-点击失败('css selector', "[type='submit']")
失败信息是：Message: javascript error: Cannot read properties of null (reading 'click')
  (Session info: chrome=107.0.5304.88)

2022-11-28 16:17:50,945-basePage.py:[70]-[DEBUG]-元素定位成功，定位成功信息是:('xpath', "//span[text()='学员管理']")
2022-11-28 16:17:51,067-basePage.py:[117]-[DEBUG]-点击成功
2022-11-28 16:18:03,192-basePage.py:[66]-[ERROR]-定位元素失败异常信息是：Message: 

定位失败信息：('xpath', "//span[text()='报名率：37%']")
2022-11-28 16:18:03,205-basePage.py:[114]-[ERROR]-点击失败('xpath', "//span[text()='报名率：37%']")
失败信息是：Message: javascript error: Cannot read properties of null (reading 'click')
  (Session info: chrome=107.0.5304.88)

2022-11-28 16:18:06,272-basePage.py:[57]-[INFO]-未发生异常页面打开成功：http://139.199.0.102/passport/login
2022-11-28 16:18:16,469-basePage.py:[66]-[ERROR]-定位元素失败异常信息是：Message: 

定位失败信息：('css selector', "[formcontrolname='userName']")
2022-11-28 16:18:16,469-basePage.py:[79]-[ERROR]-输入内容失败：13986128128
失败原因是'NoneType' object has no attribute 'send_keys'
2022-11-28 16:18:26,686-basePage.py:[66]-[ERROR]-定位元素失败异常信息是：Message: 

定位失败信息：('css selector', "[formcontrolname='password']")
2022-11-28 16:18:26,686-basePage.py:[79]-[ERROR]-输入内容失败：121121
失败原因是'NoneType' object has no attribute 'send_keys'
2022-11-28 16:18:36,803-basePage.py:[66]-[ERROR]-定位元素失败异常信息是：Message: 

定位失败信息：('css selector', "[type='submit']")
2022-11-28 16:18:36,872-basePage.py:[114]-[ERROR]-点击失败('css selector', "[type='submit']")
失败信息是：Message: javascript error: Cannot read properties of null (reading 'click')
  (Session info: chrome=107.0.5304.88)

2022-11-28 16:18:48,937-basePage.py:[70]-[DEBUG]-元素定位成功，定位成功信息是:('xpath', "//span[text()='学员管理']")
2022-11-28 16:18:49,020-basePage.py:[117]-[DEBUG]-点击成功
2022-11-28 16:18:51,082-basePage.py:[70]-[DEBUG]-元素定位成功，定位成功信息是:('xpath', "//div[text()='学员费用']")
2022-11-28 16:18:51,199-basePage.py:[117]-[DEBUG]-点击成功
2022-11-28 16:18:54,541-basePage.py:[57]-[INFO]-未发生异常页面打开成功：http://139.199.0.102/passport/login
2022-11-28 16:18:55,339-basePage.py:[57]-[INFO]-未发生异常页面打开成功：http://139.199.0.102/passport/login
2022-11-28 16:19:05,473-basePage.py:[66]-[ERROR]-定位元素失败异常信息是：Message: 

定位失败信息：('css selector', "[formcontrolname='userName']")
2022-11-28 16:19:05,473-basePage.py:[79]-[ERROR]-输入内容失败：13986128128
失败原因是'NoneType' object has no attribute 'send_keys'
2022-11-28 16:19:15,608-basePage.py:[66]-[ERROR]-定位元素失败异常信息是：Message: 

定位失败信息：('css selector', "[formcontrolname='password']")
2022-11-28 16:19:15,609-basePage.py:[79]-[ERROR]-输入内容失败：121121
失败原因是'NoneType' object has no attribute 'send_keys'
2022-11-28 16:19:25,736-basePage.py:[66]-[ERROR]-定位元素失败异常信息是：Message: 

定位失败信息：('css selector', "[type='submit']")
2022-11-28 16:19:25,799-basePage.py:[114]-[ERROR]-点击失败('css selector', "[type='submit']")
失败信息是：Message: javascript error: Cannot read properties of null (reading 'click')
  (Session info: chrome=107.0.5304.88)

2022-11-28 16:19:37,869-basePage.py:[70]-[DEBUG]-元素定位成功，定位成功信息是:('xpath', "//span[text()='学员管理']")
2022-11-28 16:19:37,899-basePage.py:[117]-[DEBUG]-点击成功
2022-11-28 16:19:39,945-basePage.py:[70]-[DEBUG]-元素定位成功，定位成功信息是:('xpath', "//div[text()='导入/导出']")
2022-11-28 16:19:39,987-basePage.py:[117]-[DEBUG]-点击成功
2022-11-28 16:22:20,163-doExcel.py:[31]-[DEBUG]-excel表打开成功
2022-11-28 16:22:20,163-doExcel.py:[39]-[DEBUG]-sheet页定位成功
2022-11-28 16:22:20,171-doExcel.py:[31]-[DEBUG]-excel表打开成功
2022-11-28 16:22:20,171-doExcel.py:[39]-[DEBUG]-sheet页定位成功
2022-11-28 16:22:20,172-doExcel.py:[48]-[DEBUG]-读取文件成功.teachHeadPic.ng-star-inserted
2022-11-28 16:22:20,172-doExcel.py:[48]-[DEBUG]-读取文件成功//div[text()='退出账号']
2022-11-28 16:22:20,172-doExcel.py:[48]-[DEBUG]-读取文件成功.ant-modal-confirm-btns>button:nth-child(2)
2022-11-28 16:22:20,172-doExcel.py:[48]-[DEBUG]-读取文件成功13986128128
2022-11-28 16:22:20,172-doExcel.py:[48]-[DEBUG]-读取文件成功121121
2022-11-28 16:22:20,172-doExcel.py:[48]-[DEBUG]-读取文件成功
2022-11-28 16:22:20,173-doExcel.py:[48]-[DEBUG]-读取文件成功
2022-11-28 16:22:20,173-doExcel.py:[48]-[DEBUG]-读取文件成功
2022-11-28 16:22:20,173-doExcel.py:[48]-[DEBUG]-读取文件成功121121
2022-11-28 16:22:20,173-doExcel.py:[48]-[DEBUG]-读取文件成功13986128128
2022-11-28 16:22:20,173-doExcel.py:[48]-[DEBUG]-读取文件成功
2022-11-28 16:22:20,173-doExcel.py:[48]-[DEBUG]-读取文件成功13986138138
2022-11-28 16:22:20,173-doExcel.py:[48]-[DEBUG]-读取文件成功121121
2022-11-28 16:22:20,173-doExcel.py:[48]-[DEBUG]-读取文件成功13986128128
2022-11-28 16:22:20,173-doExcel.py:[48]-[DEBUG]-读取文件成功125555522
2022-11-28 16:22:20,173-doExcel.py:[48]-[DEBUG]-读取文件成功13986138138
2022-11-28 16:22:20,174-doExcel.py:[48]-[DEBUG]-读取文件成功125555523
2022-11-28 16:22:20,174-doExcel.py:[48]-[DEBUG]-读取文件成功13986
2022-11-28 16:22:20,174-doExcel.py:[48]-[DEBUG]-读取文件成功121121
2022-11-28 16:22:20,174-doExcel.py:[48]-[DEBUG]-读取文件成功13986128128555555555
2022-11-28 16:22:20,174-doExcel.py:[48]-[DEBUG]-读取文件成功121122
2022-11-28 16:22:20,174-doExcel.py:[48]-[DEBUG]-读取文件成功13986128128
2022-11-28 16:22:20,174-doExcel.py:[48]-[DEBUG]-读取文件成功121
2022-11-28 16:22:20,174-doExcel.py:[48]-[DEBUG]-读取文件成功13986128128
2022-11-28 16:22:20,174-doExcel.py:[48]-[DEBUG]-读取文件成功121456789123456789632
2022-11-28 16:22:20,174-doExcel.py:[48]-[DEBUG]-读取文件成功13986128128555555555
2022-11-28 16:22:20,174-doExcel.py:[48]-[DEBUG]-读取文件成功121456789123456789632
2022-11-28 16:22:20,174-doExcel.py:[48]-[DEBUG]-读取文件成功13986
2022-11-28 16:22:20,175-doExcel.py:[48]-[DEBUG]-读取文件成功121
2022-11-28 16:22:20,175-doExcel.py:[48]-[DEBUG]-读取文件成功[formcontrolname='userName']
2022-11-28 16:22:20,175-doExcel.py:[48]-[DEBUG]-读取文件成功[formcontrolname='password']
2022-11-28 16:22:20,175-doExcel.py:[48]-[DEBUG]-读取文件成功[type='submit']
2022-11-28 16:22:20,175-doExcel.py:[48]-[DEBUG]-读取文件成功/html/body/app-root/layout-passport/div/div/passport-login/div/form/nz-form-item[1]/nz-form-control/div/nz-form-explain/div
2022-11-28 16:22:20,175-doExcel.py:[48]-[DEBUG]-读取文件成功/html/body/app-root/layout-passport/div/div/passport-login/div/form/nz-form-item[2]/nz-form-control/div/nz-form-explain/div
2022-11-28 16:22:20,175-doExcel.py:[48]-[DEBUG]-读取文件成功//*[@id="cdk-overlay-1"]/nz-modal/div/div[2]/div[1]/div/div/div/div[1]/span/span
2022-11-28 16:22:20,175-doExcel.py:[48]-[DEBUG]-读取文件成功//*[@id="cdk-overlay-1"]/nz-modal/div/div[2]/div[1]/div/div/div/div[2]/button
2022-11-28 16:22:44,925-basePage.py:[57]-[INFO]-未发生异常页面打开成功：http://139.199.0.102/passport/login
2022-11-28 16:22:44,993-basePage.py:[70]-[DEBUG]-元素定位成功，定位成功信息是:('css selector', "[formcontrolname='userName']")
2022-11-28 16:22:45,125-basePage.py:[82]-[DEBUG]-输入内容成功
2022-11-28 16:22:45,181-basePage.py:[70]-[DEBUG]-元素定位成功，定位成功信息是:('css selector', "[formcontrolname='password']")
2022-11-28 16:22:45,278-basePage.py:[82]-[DEBUG]-输入内容成功
2022-11-28 16:22:45,312-basePage.py:[70]-[DEBUG]-元素定位成功，定位成功信息是:('css selector', "[type='submit']")
2022-11-28 16:22:45,343-basePage.py:[117]-[DEBUG]-点击成功
2022-11-28 16:22:57,408-basePage.py:[70]-[DEBUG]-元素定位成功，定位成功信息是:('xpath', "//span[text()='学员管理']")
2022-11-28 16:22:57,565-basePage.py:[117]-[DEBUG]-点击成功
2022-11-28 16:23:01,171-basePage.py:[70]-[DEBUG]-元素定位成功，定位成功信息是:('xpath', "//div[text()='学员档案']")
2022-11-28 16:23:01,290-basePage.py:[117]-[DEBUG]-点击成功
2022-11-28 16:24:00,343-doExcel.py:[31]-[DEBUG]-excel表打开成功
2022-11-28 16:24:00,343-doExcel.py:[39]-[DEBUG]-sheet页定位成功
2022-11-28 16:24:00,350-doExcel.py:[31]-[DEBUG]-excel表打开成功
2022-11-28 16:24:00,350-doExcel.py:[39]-[DEBUG]-sheet页定位成功
2022-11-28 16:24:00,350-doExcel.py:[48]-[DEBUG]-读取文件成功.teachHeadPic.ng-star-inserted
2022-11-28 16:24:00,350-doExcel.py:[48]-[DEBUG]-读取文件成功//div[text()='退出账号']
2022-11-28 16:24:00,350-doExcel.py:[48]-[DEBUG]-读取文件成功.ant-modal-confirm-btns>button:nth-child(2)
2022-11-28 16:24:00,351-doExcel.py:[48]-[DEBUG]-读取文件成功13986128128
2022-11-28 16:24:00,351-doExcel.py:[48]-[DEBUG]-读取文件成功121121
2022-11-28 16:24:00,351-doExcel.py:[48]-[DEBUG]-读取文件成功
2022-11-28 16:24:00,351-doExcel.py:[48]-[DEBUG]-读取文件成功
2022-11-28 16:24:00,351-doExcel.py:[48]-[DEBUG]-读取文件成功
2022-11-28 16:24:00,351-doExcel.py:[48]-[DEBUG]-读取文件成功121121
2022-11-28 16:24:00,351-doExcel.py:[48]-[DEBUG]-读取文件成功13986128128
2022-11-28 16:24:00,351-doExcel.py:[48]-[DEBUG]-读取文件成功
2022-11-28 16:24:00,351-doExcel.py:[48]-[DEBUG]-读取文件成功13986138138
2022-11-28 16:24:00,351-doExcel.py:[48]-[DEBUG]-读取文件成功121121
2022-11-28 16:24:00,351-doExcel.py:[48]-[DEBUG]-读取文件成功13986128128
2022-11-28 16:24:00,351-doExcel.py:[48]-[DEBUG]-读取文件成功125555522
2022-11-28 16:24:00,351-doExcel.py:[48]-[DEBUG]-读取文件成功13986138138
2022-11-28 16:24:00,352-doExcel.py:[48]-[DEBUG]-读取文件成功125555523
2022-11-28 16:24:00,352-doExcel.py:[48]-[DEBUG]-读取文件成功13986
2022-11-28 16:24:00,352-doExcel.py:[48]-[DEBUG]-读取文件成功121121
2022-11-28 16:24:00,352-doExcel.py:[48]-[DEBUG]-读取文件成功13986128128555555555
2022-11-28 16:24:00,352-doExcel.py:[48]-[DEBUG]-读取文件成功121122
2022-11-28 16:24:00,352-doExcel.py:[48]-[DEBUG]-读取文件成功13986128128
2022-11-28 16:24:00,352-doExcel.py:[48]-[DEBUG]-读取文件成功121
2022-11-28 16:24:00,352-doExcel.py:[48]-[DEBUG]-读取文件成功13986128128
2022-11-28 16:24:00,352-doExcel.py:[48]-[DEBUG]-读取文件成功121456789123456789632
2022-11-28 16:24:00,352-doExcel.py:[48]-[DEBUG]-读取文件成功13986128128555555555
2022-11-28 16:24:00,352-doExcel.py:[48]-[DEBUG]-读取文件成功121456789123456789632
2022-11-28 16:24:00,352-doExcel.py:[48]-[DEBUG]-读取文件成功13986
2022-11-28 16:24:00,352-doExcel.py:[48]-[DEBUG]-读取文件成功121
2022-11-28 16:24:00,352-doExcel.py:[48]-[DEBUG]-读取文件成功[formcontrolname='userName']
2022-11-28 16:24:00,353-doExcel.py:[48]-[DEBUG]-读取文件成功[formcontrolname='password']
2022-11-28 16:24:00,353-doExcel.py:[48]-[DEBUG]-读取文件成功[type='submit']
2022-11-28 16:24:00,353-doExcel.py:[48]-[DEBUG]-读取文件成功/html/body/app-root/layout-passport/div/div/passport-login/div/form/nz-form-item[1]/nz-form-control/div/nz-form-explain/div
2022-11-28 16:24:00,353-doExcel.py:[48]-[DEBUG]-读取文件成功/html/body/app-root/layout-passport/div/div/passport-login/div/form/nz-form-item[2]/nz-form-control/div/nz-form-explain/div
2022-11-28 16:24:00,354-doExcel.py:[48]-[DEBUG]-读取文件成功//*[@id="cdk-overlay-1"]/nz-modal/div/div[2]/div[1]/div/div/div/div[1]/span/span
2022-11-28 16:24:00,354-doExcel.py:[48]-[DEBUG]-读取文件成功//*[@id="cdk-overlay-1"]/nz-modal/div/div[2]/div[1]/div/div/div/div[2]/button
2022-11-28 16:24:25,021-basePage.py:[57]-[INFO]-未发生异常页面打开成功：http://139.199.0.102/passport/login
2022-11-28 16:24:25,071-basePage.py:[70]-[DEBUG]-元素定位成功，定位成功信息是:('css selector', "[formcontrolname='userName']")
2022-11-28 16:24:25,188-basePage.py:[82]-[DEBUG]-输入内容成功
2022-11-28 16:24:25,234-basePage.py:[70]-[DEBUG]-元素定位成功，定位成功信息是:('css selector', "[formcontrolname='password']")
2022-11-28 16:24:25,341-basePage.py:[82]-[DEBUG]-输入内容成功
2022-11-28 16:24:25,371-basePage.py:[70]-[DEBUG]-元素定位成功，定位成功信息是:('css selector', "[type='submit']")
2022-11-28 16:24:25,402-basePage.py:[117]-[DEBUG]-点击成功
2022-11-28 16:24:35,436-basePage.py:[70]-[DEBUG]-元素定位成功，定位成功信息是:('xpath', '//*[@id="cdk-overlay-1"]/nz-modal/div/div[2]/div[1]/div/div/div/div[1]/span/span')
2022-11-28 16:24:35,458-basePage.py:[93]-[DEBUG]-文本获取成功：用户名或密码错误，请重新输入！
2022-11-28 16:24:35,487-basePage.py:[70]-[DEBUG]-元素定位成功，定位成功信息是:('xpath', '//*[@id="cdk-overlay-1"]/nz-modal/div/div[2]/div[1]/div/div/div/div[2]/button')
2022-11-28 16:24:35,550-basePage.py:[117]-[DEBUG]-点击成功
2022-11-28 16:24:36,665-basePage.py:[57]-[INFO]-未发生异常页面打开成功：http://139.199.0.102/passport/login
2022-11-28 16:24:36,696-basePage.py:[70]-[DEBUG]-元素定位成功，定位成功信息是:('css selector', "[formcontrolname='userName']")
2022-11-28 16:24:36,812-basePage.py:[82]-[DEBUG]-输入内容成功
2022-11-28 16:24:36,840-basePage.py:[70]-[DEBUG]-元素定位成功，定位成功信息是:('css selector', "[formcontrolname='password']")
2022-11-28 16:24:36,916-basePage.py:[82]-[DEBUG]-输入内容成功
2022-11-28 16:24:36,946-basePage.py:[70]-[DEBUG]-元素定位成功，定位成功信息是:('css selector', "[type='submit']")
2022-11-28 16:24:36,973-basePage.py:[117]-[DEBUG]-点击成功
2022-11-28 16:24:57,025-basePage.py:[70]-[DEBUG]-元素定位成功，定位成功信息是:('xpath', '/html/body/app-root/layout-passport/div/div/passport-login/div/form/nz-form-item[1]/nz-form-control/div/nz-form-explain/div')
2022-11-28 16:24:57,044-basePage.py:[93]-[DEBUG]-文本获取成功：请输入手机号码
2022-11-28 16:24:57,074-basePage.py:[70]-[DEBUG]-元素定位成功，定位成功信息是:('xpath', '/html/body/app-root/layout-passport/div/div/passport-login/div/form/nz-form-item[2]/nz-form-control/div/nz-form-explain/div')
2022-11-28 16:24:57,092-basePage.py:[93]-[DEBUG]-文本获取成功：请输入6-20位账户密码
2022-11-28 16:24:57,890-basePage.py:[57]-[INFO]-未发生异常页面打开成功：http://139.199.0.102/passport/login
2022-11-28 16:24:58,059-basePage.py:[70]-[DEBUG]-元素定位成功，定位成功信息是:('css selector', "[formcontrolname='userName']")
2022-11-28 16:24:58,121-basePage.py:[82]-[DEBUG]-输入内容成功
2022-11-28 16:24:58,149-basePage.py:[70]-[DEBUG]-元素定位成功，定位成功信息是:('css selector', "[formcontrolname='password']")
2022-11-28 16:24:58,252-basePage.py:[82]-[DEBUG]-输入内容成功
2022-11-28 16:24:58,280-basePage.py:[70]-[DEBUG]-元素定位成功，定位成功信息是:('css selector', "[type='submit']")
2022-11-28 16:24:58,294-basePage.py:[117]-[DEBUG]-点击成功
2022-11-28 16:25:28,327-basePage.py:[70]-[DEBUG]-元素定位成功，定位成功信息是:('xpath', '/html/body/app-root/layout-passport/div/div/passport-login/div/form/nz-form-item[1]/nz-form-control/div/nz-form-explain/div')
2022-11-28 16:25:28,347-basePage.py:[93]-[DEBUG]-文本获取成功：请输入手机号码
2022-11-28 16:25:32,407-basePage.py:[57]-[INFO]-未发生异常页面打开成功：http://139.199.0.102/passport/login
2022-11-28 16:25:32,450-basePage.py:[70]-[DEBUG]-元素定位成功，定位成功信息是:('css selector', "[formcontrolname='userName']")
2022-11-28 16:25:32,571-basePage.py:[82]-[DEBUG]-输入内容成功
2022-11-28 16:25:32,597-basePage.py:[70]-[DEBUG]-元素定位成功，定位成功信息是:('css selector', "[formcontrolname='password']")
2022-11-28 16:25:32,700-basePage.py:[82]-[DEBUG]-输入内容成功
2022-11-28 16:25:32,737-basePage.py:[70]-[DEBUG]-元素定位成功，定位成功信息是:('css selector', "[type='submit']")
2022-11-28 16:25:32,768-basePage.py:[117]-[DEBUG]-点击成功
2022-11-28 16:25:55,821-basePage.py:[70]-[DEBUG]-元素定位成功，定位成功信息是:('css selector', '.teachHeadPic.ng-star-inserted')
2022-11-28 16:25:56,229-basePage.py:[70]-[DEBUG]-元素定位成功，定位成功信息是:('xpath', "//div[text()='退出账号']")
2022-11-28 16:25:56,306-basePage.py:[117]-[DEBUG]-点击成功
2022-11-28 16:25:56,344-basePage.py:[70]-[DEBUG]-元素定位成功，定位成功信息是:('css selector', '.ant-modal-confirm-btns>button:nth-child(2)')
2022-11-28 16:25:56,382-basePage.py:[117]-[DEBUG]-点击成功
2022-11-28 16:26:00,227-basePage.py:[57]-[INFO]-未发生异常页面打开成功：http://139.199.0.102/passport/login
2022-11-28 16:26:00,263-basePage.py:[70]-[DEBUG]-元素定位成功，定位成功信息是:('css selector', "[formcontrolname='userName']")
2022-11-28 16:26:00,429-basePage.py:[82]-[DEBUG]-输入内容成功
2022-11-28 16:26:00,454-basePage.py:[70]-[DEBUG]-元素定位成功，定位成功信息是:('css selector', "[formcontrolname='password']")
2022-11-28 16:26:00,562-basePage.py:[82]-[DEBUG]-输入内容成功
2022-11-28 16:26:00,586-basePage.py:[70]-[DEBUG]-元素定位成功，定位成功信息是:('css selector', "[type='submit']")
2022-11-28 16:26:00,605-basePage.py:[117]-[DEBUG]-点击成功
2022-11-28 16:26:10,645-basePage.py:[70]-[DEBUG]-元素定位成功，定位成功信息是:('xpath', '//*[@id="cdk-overlay-1"]/nz-modal/div/div[2]/div[1]/div/div/div/div[1]/span/span')
2022-11-28 16:26:10,665-basePage.py:[93]-[DEBUG]-文本获取成功：用户名或密码错误，请重新输入！
2022-11-28 16:26:10,692-basePage.py:[70]-[DEBUG]-元素定位成功，定位成功信息是:('xpath', '//*[@id="cdk-overlay-1"]/nz-modal/div/div[2]/div[1]/div/div/div/div[2]/button')
2022-11-28 16:26:10,760-basePage.py:[117]-[DEBUG]-点击成功
2022-11-28 16:26:11,517-basePage.py:[57]-[INFO]-未发生异常页面打开成功：http://139.199.0.102/passport/login
2022-11-28 16:26:11,565-basePage.py:[70]-[DEBUG]-元素定位成功，定位成功信息是:('css selector', "[formcontrolname='userName']")
2022-11-28 16:26:11,701-basePage.py:[82]-[DEBUG]-输入内容成功
2022-11-28 16:26:11,731-basePage.py:[70]-[DEBUG]-元素定位成功，定位成功信息是:('css selector', "[formcontrolname='password']")
2022-11-28 16:26:11,806-basePage.py:[82]-[DEBUG]-输入内容成功
2022-11-28 16:26:11,832-basePage.py:[70]-[DEBUG]-元素定位成功，定位成功信息是:('css selector', "[type='submit']")
2022-11-28 16:26:11,846-basePage.py:[117]-[DEBUG]-点击成功
2022-11-28 16:26:41,897-basePage.py:[70]-[DEBUG]-元素定位成功，定位成功信息是:('xpath', '/html/body/app-root/layout-passport/div/div/passport-login/div/form/nz-form-item[2]/nz-form-control/div/nz-form-explain/div')
2022-11-28 16:26:41,917-basePage.py:[93]-[DEBUG]-文本获取成功：请输入6-20位账户密码
2022-11-28 16:26:42,662-basePage.py:[57]-[INFO]-未发生异常页面打开成功：http://139.199.0.102/passport/login
2022-11-28 16:26:42,712-basePage.py:[70]-[DEBUG]-元素定位成功，定位成功信息是:('css selector', "[formcontrolname='userName']")
2022-11-28 16:26:42,876-basePage.py:[82]-[DEBUG]-输入内容成功
2022-11-28 16:26:42,908-basePage.py:[70]-[DEBUG]-元素定位成功，定位成功信息是:('css selector', "[formcontrolname='password']")
2022-11-28 16:26:43,001-basePage.py:[82]-[DEBUG]-输入内容成功
2022-11-28 16:26:43,026-basePage.py:[70]-[DEBUG]-元素定位成功，定位成功信息是:('css selector', "[type='submit']")
2022-11-28 16:26:43,044-basePage.py:[117]-[DEBUG]-点击成功
2022-11-28 16:26:53,087-basePage.py:[70]-[DEBUG]-元素定位成功，定位成功信息是:('xpath', '//*[@id="cdk-overlay-1"]/nz-modal/div/div[2]/div[1]/div/div/div/div[1]/span/span')
2022-11-28 16:26:53,107-basePage.py:[93]-[DEBUG]-文本获取成功：用户名或密码错误，请重新输入！
2022-11-28 16:26:53,137-basePage.py:[70]-[DEBUG]-元素定位成功，定位成功信息是:('xpath', '//*[@id="cdk-overlay-1"]/nz-modal/div/div[2]/div[1]/div/div/div/div[2]/button')
2022-11-28 16:26:53,204-basePage.py:[117]-[DEBUG]-点击成功
2022-11-28 16:26:53,954-basePage.py:[57]-[INFO]-未发生异常页面打开成功：http://139.199.0.102/passport/login
2022-11-28 16:26:53,989-basePage.py:[70]-[DEBUG]-元素定位成功，定位成功信息是:('css selector', "[formcontrolname='userName']")
2022-11-28 16:26:54,126-basePage.py:[82]-[DEBUG]-输入内容成功
2022-11-28 16:26:54,161-basePage.py:[70]-[DEBUG]-元素定位成功，定位成功信息是:('css selector', "[formcontrolname='password']")
2022-11-28 16:26:54,250-basePage.py:[82]-[DEBUG]-输入内容成功
2022-11-28 16:26:54,288-basePage.py:[70]-[DEBUG]-元素定位成功，定位成功信息是:('css selector', "[type='submit']")
2022-11-28 16:26:54,300-basePage.py:[117]-[DEBUG]-点击成功
2022-11-28 16:27:14,349-basePage.py:[70]-[DEBUG]-元素定位成功，定位成功信息是:('xpath', '/html/body/app-root/layout-passport/div/div/passport-login/div/form/nz-form-item[1]/nz-form-control/div/nz-form-explain/div')
2022-11-28 16:27:14,368-basePage.py:[93]-[DEBUG]-文本获取成功：请输入手机号码
2022-11-28 16:27:14,395-basePage.py:[70]-[DEBUG]-元素定位成功，定位成功信息是:('xpath', '/html/body/app-root/layout-passport/div/div/passport-login/div/form/nz-form-item[2]/nz-form-control/div/nz-form-explain/div')
2022-11-28 16:27:14,418-basePage.py:[93]-[DEBUG]-文本获取成功：请输入6-20位账户密码
2022-11-28 16:27:15,224-basePage.py:[57]-[INFO]-未发生异常页面打开成功：http://139.199.0.102/passport/login
2022-11-28 16:27:15,255-basePage.py:[70]-[DEBUG]-元素定位成功，定位成功信息是:('css selector', "[formcontrolname='userName']")
2022-11-28 16:27:15,371-basePage.py:[82]-[DEBUG]-输入内容成功
2022-11-28 16:27:15,395-basePage.py:[70]-[DEBUG]-元素定位成功，定位成功信息是:('css selector', "[formcontrolname='password']")
2022-11-28 16:27:15,550-basePage.py:[82]-[DEBUG]-输入内容成功
2022-11-28 16:27:15,579-basePage.py:[70]-[DEBUG]-元素定位成功，定位成功信息是:('css selector', "[type='submit']")
2022-11-28 16:27:15,598-basePage.py:[117]-[DEBUG]-点击成功
2022-11-28 16:27:45,643-basePage.py:[70]-[DEBUG]-元素定位成功，定位成功信息是:('xpath', '//*[@id="cdk-overlay-1"]/nz-modal/div/div[2]/div[1]/div/div/div/div[1]/span/span')
2022-11-28 16:27:45,664-basePage.py:[93]-[DEBUG]-文本获取成功：用户名或密码错误，请重新输入！
2022-11-28 16:27:45,694-basePage.py:[70]-[DEBUG]-元素定位成功，定位成功信息是:('xpath', '//*[@id="cdk-overlay-1"]/nz-modal/div/div[2]/div[1]/div/div/div/div[2]/button')
2022-11-28 16:27:45,753-basePage.py:[117]-[DEBUG]-点击成功
2022-11-28 16:27:46,441-basePage.py:[57]-[INFO]-未发生异常页面打开成功：http://139.199.0.102/passport/login
2022-11-28 16:27:46,475-basePage.py:[70]-[DEBUG]-元素定位成功，定位成功信息是:('css selector', "[formcontrolname='userName']")
2022-11-28 16:27:46,629-basePage.py:[82]-[DEBUG]-输入内容成功
2022-11-28 16:27:46,656-basePage.py:[70]-[DEBUG]-元素定位成功，定位成功信息是:('css selector', "[formcontrolname='password']")
2022-11-28 16:27:46,739-basePage.py:[82]-[DEBUG]-输入内容成功
2022-11-28 16:27:46,771-basePage.py:[70]-[DEBUG]-元素定位成功，定位成功信息是:('css selector', "[type='submit']")
2022-11-28 16:27:46,782-basePage.py:[117]-[DEBUG]-点击成功
2022-11-28 16:28:16,842-basePage.py:[70]-[DEBUG]-元素定位成功，定位成功信息是:('xpath', '/html/body/app-root/layout-passport/div/div/passport-login/div/form/nz-form-item[2]/nz-form-control/div/nz-form-explain/div')
2022-11-28 16:28:16,862-basePage.py:[93]-[DEBUG]-文本获取成功：请输入6-20位账户密码
2022-11-28 16:28:17,526-basePage.py:[57]-[INFO]-未发生异常页面打开成功：http://139.199.0.102/passport/login
2022-11-28 16:28:17,557-basePage.py:[70]-[DEBUG]-元素定位成功，定位成功信息是:('css selector', "[formcontrolname='userName']")
2022-11-28 16:28:17,754-basePage.py:[82]-[DEBUG]-输入内容成功
2022-11-28 16:28:17,781-basePage.py:[70]-[DEBUG]-元素定位成功，定位成功信息是:('css selector', "[formcontrolname='password']")
2022-11-28 16:28:17,918-basePage.py:[82]-[DEBUG]-输入内容成功
2022-11-28 16:28:17,945-basePage.py:[70]-[DEBUG]-元素定位成功，定位成功信息是:('css selector', "[type='submit']")
2022-11-28 16:28:17,968-basePage.py:[117]-[DEBUG]-点击成功
2022-11-28 16:28:48,026-basePage.py:[70]-[DEBUG]-元素定位成功，定位成功信息是:('xpath', '//*[@id="cdk-overlay-1"]/nz-modal/div/div[2]/div[1]/div/div/div/div[1]/span/span')
2022-11-28 16:28:48,043-basePage.py:[93]-[DEBUG]-文本获取成功：用户名或密码错误，请重新输入！
2022-11-28 16:28:48,073-basePage.py:[70]-[DEBUG]-元素定位成功，定位成功信息是:('xpath', '//*[@id="cdk-overlay-1"]/nz-modal/div/div[2]/div[1]/div/div/div/div[2]/button')
2022-11-28 16:28:48,132-basePage.py:[117]-[DEBUG]-点击成功
2022-11-28 16:28:48,768-basePage.py:[57]-[INFO]-未发生异常页面打开成功：http://139.199.0.102/passport/login
2022-11-28 16:28:48,929-basePage.py:[70]-[DEBUG]-元素定位成功，定位成功信息是:('css selector', "[formcontrolname='userName']")
2022-11-28 16:28:49,065-basePage.py:[82]-[DEBUG]-输入内容成功
2022-11-28 16:28:49,089-basePage.py:[70]-[DEBUG]-元素定位成功，定位成功信息是:('css selector', "[formcontrolname='password']")
2022-11-28 16:28:49,174-basePage.py:[82]-[DEBUG]-输入内容成功
2022-11-28 16:28:49,195-basePage.py:[70]-[DEBUG]-元素定位成功，定位成功信息是:('css selector', "[type='submit']")
2022-11-28 16:28:49,213-basePage.py:[117]-[DEBUG]-点击成功
2022-11-28 16:29:19,250-basePage.py:[70]-[DEBUG]-元素定位成功，定位成功信息是:('xpath', '//*[@id="cdk-overlay-1"]/nz-modal/div/div[2]/div[1]/div/div/div/div[1]/span/span')
2022-11-28 16:29:19,269-basePage.py:[93]-[DEBUG]-文本获取成功：用户名或密码错误，请重新输入！
2022-11-28 16:29:19,292-basePage.py:[70]-[DEBUG]-元素定位成功，定位成功信息是:('xpath', '//*[@id="cdk-overlay-1"]/nz-modal/div/div[2]/div[1]/div/div/div/div[2]/button')
2022-11-28 16:29:19,303-basePage.py:[117]-[DEBUG]-点击成功
2022-11-28 16:29:19,966-basePage.py:[57]-[INFO]-未发生异常页面打开成功：http://139.199.0.102/passport/login
2022-11-28 16:29:20,011-basePage.py:[70]-[DEBUG]-元素定位成功，定位成功信息是:('css selector', "[formcontrolname='userName']")
2022-11-28 16:29:20,136-basePage.py:[82]-[DEBUG]-输入内容成功
2022-11-28 16:29:20,162-basePage.py:[70]-[DEBUG]-元素定位成功，定位成功信息是:('css selector', "[formcontrolname='password']")
2022-11-28 16:29:20,257-basePage.py:[82]-[DEBUG]-输入内容成功
2022-11-28 16:29:20,284-basePage.py:[70]-[DEBUG]-元素定位成功，定位成功信息是:('css selector', "[type='submit']")
2022-11-28 16:29:20,295-basePage.py:[117]-[DEBUG]-点击成功
2022-11-28 16:29:50,341-basePage.py:[70]-[DEBUG]-元素定位成功，定位成功信息是:('xpath', '/html/body/app-root/layout-passport/div/div/passport-login/div/form/nz-form-item[1]/nz-form-control/div/nz-form-explain/div')
2022-11-28 16:29:50,360-basePage.py:[93]-[DEBUG]-文本获取成功：请输入手机号码
2022-11-28 16:30:08,640-basePage.py:[57]-[INFO]-未发生异常页面打开成功：http://139.199.0.102/passport/login
2022-11-28 16:30:08,685-basePage.py:[70]-[DEBUG]-元素定位成功，定位成功信息是:('css selector', "[formcontrolname='userName']")
2022-11-28 16:30:08,791-basePage.py:[82]-[DEBUG]-输入内容成功
2022-11-28 16:30:08,838-basePage.py:[70]-[DEBUG]-元素定位成功，定位成功信息是:('css selector', "[formcontrolname='password']")
2022-11-28 16:30:08,931-basePage.py:[82]-[DEBUG]-输入内容成功
2022-11-28 16:30:08,965-basePage.py:[70]-[DEBUG]-元素定位成功，定位成功信息是:('css selector', "[type='submit']")
2022-11-28 16:30:08,990-basePage.py:[117]-[DEBUG]-点击成功
2022-11-28 16:30:21,054-basePage.py:[70]-[DEBUG]-元素定位成功，定位成功信息是:('xpath', "//span[text()='学员管理']")
2022-11-28 16:30:21,181-basePage.py:[117]-[DEBUG]-点击成功
2022-11-28 16:30:23,232-basePage.py:[70]-[DEBUG]-元素定位成功，定位成功信息是:('xpath', "//div[text()='招生跟进']")
2022-11-28 16:30:23,309-basePage.py:[117]-[DEBUG]-点击成功
2022-11-28 16:30:26,159-basePage.py:[57]-[INFO]-未发生异常页面打开成功：http://139.199.0.102/passport/login
2022-11-28 16:30:36,300-basePage.py:[66]-[ERROR]-定位元素失败异常信息是：Message: 

定位失败信息：('css selector', "[formcontrolname='userName']")
2022-11-28 16:30:36,300-basePage.py:[79]-[ERROR]-输入内容失败：13986128128
失败原因是'NoneType' object has no attribute 'send_keys'
2022-11-28 16:30:46,419-basePage.py:[66]-[ERROR]-定位元素失败异常信息是：Message: 

定位失败信息：('css selector', "[formcontrolname='password']")
2022-11-28 16:30:46,419-basePage.py:[79]-[ERROR]-输入内容失败：121121
失败原因是'NoneType' object has no attribute 'send_keys'
2022-11-28 16:30:56,576-basePage.py:[66]-[ERROR]-定位元素失败异常信息是：Message: 

定位失败信息：('css selector', "[type='submit']")
2022-11-28 16:30:56,638-basePage.py:[114]-[ERROR]-点击失败('css selector', "[type='submit']")
失败信息是：Message: javascript error: Cannot read properties of null (reading 'click')
  (Session info: chrome=107.0.5304.88)

2022-11-28 16:31:09,672-basePage.py:[70]-[DEBUG]-元素定位成功，定位成功信息是:('xpath', "//span[text()='学员管理']")
2022-11-28 16:31:09,724-basePage.py:[117]-[DEBUG]-点击成功
2022-11-28 16:31:21,879-basePage.py:[66]-[ERROR]-定位元素失败异常信息是：Message: 

定位失败信息：('xpath', "//span[text()='报名率：37%']")
2022-11-28 16:31:21,891-basePage.py:[114]-[ERROR]-点击失败('xpath', "//span[text()='报名率：37%']")
失败信息是：Message: javascript error: Cannot read properties of null (reading 'click')
  (Session info: chrome=107.0.5304.88)

2022-11-28 16:31:26,759-basePage.py:[57]-[INFO]-未发生异常页面打开成功：http://139.199.0.102/passport/login
2022-11-28 16:31:36,910-basePage.py:[66]-[ERROR]-定位元素失败异常信息是：Message: 

定位失败信息：('css selector', "[formcontrolname='userName']")
2022-11-28 16:31:36,910-basePage.py:[79]-[ERROR]-输入内容失败：13986128128
失败原因是'NoneType' object has no attribute 'send_keys'
2022-11-28 16:31:47,061-basePage.py:[66]-[ERROR]-定位元素失败异常信息是：Message: 

定位失败信息：('css selector', "[formcontrolname='password']")
2022-11-28 16:31:47,061-basePage.py:[79]-[ERROR]-输入内容失败：121121
失败原因是'NoneType' object has no attribute 'send_keys'
2022-11-28 16:31:57,190-basePage.py:[66]-[ERROR]-定位元素失败异常信息是：Message: 

定位失败信息：('css selector', "[type='submit']")
2022-11-28 16:31:57,254-basePage.py:[114]-[ERROR]-点击失败('css selector', "[type='submit']")
失败信息是：Message: javascript error: Cannot read properties of null (reading 'click')
  (Session info: chrome=107.0.5304.88)

2022-11-28 16:32:09,307-basePage.py:[70]-[DEBUG]-元素定位成功，定位成功信息是:('xpath', "//span[text()='学员管理']")
2022-11-28 16:32:09,374-basePage.py:[117]-[DEBUG]-点击成功
2022-11-28 16:32:11,430-basePage.py:[70]-[DEBUG]-元素定位成功，定位成功信息是:('xpath', "//div[text()='学员费用']")
2022-11-28 16:32:11,588-basePage.py:[117]-[DEBUG]-点击成功
2022-11-28 16:32:14,475-basePage.py:[57]-[INFO]-未发生异常页面打开成功：http://139.199.0.102/passport/login
2022-11-28 16:32:24,585-basePage.py:[66]-[ERROR]-定位元素失败异常信息是：Message: 

定位失败信息：('css selector', "[formcontrolname='userName']")
2022-11-28 16:32:24,585-basePage.py:[79]-[ERROR]-输入内容失败：13986128128
失败原因是'NoneType' object has no attribute 'send_keys'
2022-11-28 16:32:34,737-basePage.py:[66]-[ERROR]-定位元素失败异常信息是：Message: 

定位失败信息：('css selector', "[formcontrolname='password']")
2022-11-28 16:32:34,738-basePage.py:[79]-[ERROR]-输入内容失败：121121
失败原因是'NoneType' object has no attribute 'send_keys'
2022-11-28 16:32:44,877-basePage.py:[66]-[ERROR]-定位元素失败异常信息是：Message: 

定位失败信息：('css selector', "[type='submit']")
2022-11-28 16:32:44,937-basePage.py:[114]-[ERROR]-点击失败('css selector', "[type='submit']")
失败信息是：Message: javascript error: Cannot read properties of null (reading 'click')
  (Session info: chrome=107.0.5304.88)

2022-11-28 16:32:56,989-basePage.py:[70]-[DEBUG]-元素定位成功，定位成功信息是:('xpath', "//span[text()='学员管理']")
2022-11-28 16:32:57,038-basePage.py:[117]-[DEBUG]-点击成功
2022-11-28 16:32:59,094-basePage.py:[70]-[DEBUG]-元素定位成功，定位成功信息是:('xpath', "//div[text()='学员档案']")
2022-11-28 16:32:59,137-basePage.py:[117]-[DEBUG]-点击成功
2022-11-28 16:33:04,030-basePage.py:[57]-[INFO]-未发生异常页面打开成功：http://139.199.0.102/passport/login
2022-11-28 16:33:14,194-basePage.py:[66]-[ERROR]-定位元素失败异常信息是：Message: 

定位失败信息：('css selector', "[formcontrolname='userName']")
2022-11-28 16:33:14,194-basePage.py:[79]-[ERROR]-输入内容失败：13986128128
失败原因是'NoneType' object has no attribute 'send_keys'
2022-11-28 16:33:24,311-basePage.py:[66]-[ERROR]-定位元素失败异常信息是：Message: 

定位失败信息：('css selector', "[formcontrolname='password']")
2022-11-28 16:33:24,311-basePage.py:[79]-[ERROR]-输入内容失败：121121
失败原因是'NoneType' object has no attribute 'send_keys'
2022-11-28 16:33:34,462-basePage.py:[66]-[ERROR]-定位元素失败异常信息是：Message: 

定位失败信息：('css selector', "[type='submit']")
2022-11-28 16:33:34,542-basePage.py:[114]-[ERROR]-点击失败('css selector', "[type='submit']")
失败信息是：Message: javascript error: Cannot read properties of null (reading 'click')
  (Session info: chrome=107.0.5304.88)

2022-11-28 16:33:46,599-basePage.py:[70]-[DEBUG]-元素定位成功，定位成功信息是:('xpath', "//span[text()='学员管理']")
2022-11-28 16:33:46,639-basePage.py:[117]-[DEBUG]-点击成功
2022-11-28 16:33:48,684-basePage.py:[70]-[DEBUG]-元素定位成功，定位成功信息是:('xpath', "//div[text()='导入/导出']")
2022-11-28 16:33:48,807-basePage.py:[117]-[DEBUG]-点击成功
2022-11-28 16:34:05,429-basePage.py:[57]-[INFO]-未发生异常页面打开成功：http://139.199.0.102/passport/login
2022-11-28 16:34:05,491-basePage.py:[70]-[DEBUG]-元素定位成功，定位成功信息是:('css selector', "[formcontrolname='userName']")
2022-11-28 16:34:05,629-basePage.py:[82]-[DEBUG]-输入内容成功
2022-11-28 16:34:05,683-basePage.py:[70]-[DEBUG]-元素定位成功，定位成功信息是:('css selector', "[formcontrolname='password']")
2022-11-28 16:34:05,794-basePage.py:[82]-[DEBUG]-输入内容成功
2022-11-28 16:34:05,825-basePage.py:[70]-[DEBUG]-元素定位成功，定位成功信息是:('css selector', "[type='submit']")
2022-11-28 16:34:05,858-basePage.py:[117]-[DEBUG]-点击成功
2022-11-28 16:34:18,910-basePage.py:[70]-[DEBUG]-元素定位成功，定位成功信息是:('xpath', "//span[text()='招生吧']")
2022-11-28 16:34:19,036-basePage.py:[117]-[DEBUG]-点击成功
2022-11-28 16:34:26,069-basePage.py:[57]-[INFO]-未发生异常页面打开成功：http://139.199.0.102/passport/login
2022-11-28 16:34:36,187-basePage.py:[66]-[ERROR]-定位元素失败异常信息是：Message: 

定位失败信息：('css selector', "[formcontrolname='userName']")
2022-11-28 16:34:36,187-basePage.py:[79]-[ERROR]-输入内容失败：13986128128
失败原因是'NoneType' object has no attribute 'send_keys'
2022-11-28 16:34:46,308-basePage.py:[66]-[ERROR]-定位元素失败异常信息是：Message: 

定位失败信息：('css selector', "[formcontrolname='password']")
2022-11-28 16:34:46,308-basePage.py:[79]-[ERROR]-输入内容失败：121121
失败原因是'NoneType' object has no attribute 'send_keys'
2022-11-28 16:34:56,487-basePage.py:[66]-[ERROR]-定位元素失败异常信息是：Message: 

定位失败信息：('css selector', "[type='submit']")
2022-11-28 16:34:56,590-basePage.py:[114]-[ERROR]-点击失败('css selector', "[type='submit']")
失败信息是：Message: javascript error: Cannot read properties of null (reading 'click')
  (Session info: chrome=107.0.5304.88)

2022-11-28 16:35:09,647-basePage.py:[70]-[DEBUG]-元素定位成功，定位成功信息是:('xpath', "//span[text()='数据分析']")
2022-11-28 16:35:09,672-basePage.py:[117]-[DEBUG]-点击成功
2022-11-28 16:35:16,408-basePage.py:[57]-[INFO]-未发生异常页面打开成功：http://139.199.0.102/passport/login
2022-11-28 16:35:26,565-basePage.py:[66]-[ERROR]-定位元素失败异常信息是：Message: 

定位失败信息：('css selector', "[formcontrolname='userName']")
2022-11-28 16:35:26,565-basePage.py:[79]-[ERROR]-输入内容失败：13986128128
失败原因是'NoneType' object has no attribute 'send_keys'
2022-11-28 16:35:36,696-basePage.py:[66]-[ERROR]-定位元素失败异常信息是：Message: 

定位失败信息：('css selector', "[formcontrolname='password']")
2022-11-28 16:35:36,696-basePage.py:[79]-[ERROR]-输入内容失败：121121
失败原因是'NoneType' object has no attribute 'send_keys'
2022-11-28 16:35:46,813-basePage.py:[66]-[ERROR]-定位元素失败异常信息是：Message: 

定位失败信息：('css selector', "[type='submit']")
2022-11-28 16:35:46,821-basePage.py:[114]-[ERROR]-点击失败('css selector', "[type='submit']")
失败信息是：Message: javascript error: Cannot read properties of null (reading 'click')
  (Session info: chrome=107.0.5304.88)

2022-11-28 16:35:59,866-basePage.py:[70]-[DEBUG]-元素定位成功，定位成功信息是:('xpath', "//span[text()='考级管理']")
2022-11-28 16:36:00,034-basePage.py:[117]-[DEBUG]-点击成功
2022-11-28 16:36:06,784-basePage.py:[57]-[INFO]-未发生异常页面打开成功：http://139.199.0.102/passport/login
2022-11-28 16:36:16,930-basePage.py:[66]-[ERROR]-定位元素失败异常信息是：Message: 

定位失败信息：('css selector', "[formcontrolname='userName']")
2022-11-28 16:36:16,931-basePage.py:[79]-[ERROR]-输入内容失败：13986128128
失败原因是'NoneType' object has no attribute 'send_keys'
2022-11-28 16:36:27,084-basePage.py:[66]-[ERROR]-定位元素失败异常信息是：Message: 

定位失败信息：('css selector', "[formcontrolname='password']")
2022-11-28 16:36:27,084-basePage.py:[79]-[ERROR]-输入内容失败：121121
失败原因是'NoneType' object has no attribute 'send_keys'
2022-11-28 16:36:37,221-basePage.py:[66]-[ERROR]-定位元素失败异常信息是：Message: 

定位失败信息：('css selector', "[type='submit']")
2022-11-28 16:36:37,229-basePage.py:[114]-[ERROR]-点击失败('css selector', "[type='submit']")
失败信息是：Message: javascript error: Cannot read properties of null (reading 'click')
  (Session info: chrome=107.0.5304.88)

2022-11-28 16:36:50,289-basePage.py:[70]-[DEBUG]-元素定位成功，定位成功信息是:('xpath', "//span[text()='龚老师1']")
2022-11-28 16:36:50,310-basePage.py:[93]-[DEBUG]-文本获取成功：龚老师1
2022-11-28 16:36:54,178-basePage.py:[57]-[INFO]-未发生异常页面打开成功：http://139.199.0.102/passport/login
2022-11-28 16:37:04,364-basePage.py:[66]-[ERROR]-定位元素失败异常信息是：Message: 

定位失败信息：('css selector', "[formcontrolname='userName']")
2022-11-28 16:37:04,364-basePage.py:[79]-[ERROR]-输入内容失败：13986128128
失败原因是'NoneType' object has no attribute 'send_keys'
2022-11-28 16:37:14,500-basePage.py:[66]-[ERROR]-定位元素失败异常信息是：Message: 

定位失败信息：('css selector', "[formcontrolname='password']")
2022-11-28 16:37:14,500-basePage.py:[79]-[ERROR]-输入内容失败：121121
失败原因是'NoneType' object has no attribute 'send_keys'
2022-11-28 16:37:24,630-basePage.py:[66]-[ERROR]-定位元素失败异常信息是：Message: 

定位失败信息：('css selector', "[type='submit']")
2022-11-28 16:37:24,640-basePage.py:[114]-[ERROR]-点击失败('css selector', "[type='submit']")
失败信息是：Message: javascript error: Cannot read properties of null (reading 'click')
  (Session info: chrome=107.0.5304.88)

2022-11-28 16:37:37,702-basePage.py:[70]-[DEBUG]-元素定位成功，定位成功信息是:('xpath', "//span[text()='13986128128']")
2022-11-28 16:37:37,723-basePage.py:[93]-[DEBUG]-文本获取成功：13986128128
2022-11-28 16:37:41,645-basePage.py:[57]-[INFO]-未发生异常页面打开成功：http://139.199.0.102/passport/login
2022-11-28 16:37:51,787-basePage.py:[66]-[ERROR]-定位元素失败异常信息是：Message: 

定位失败信息：('css selector', "[formcontrolname='userName']")
2022-11-28 16:37:51,788-basePage.py:[79]-[ERROR]-输入内容失败：13986128128
失败原因是'NoneType' object has no attribute 'send_keys'
2022-11-28 16:38:01,930-basePage.py:[66]-[ERROR]-定位元素失败异常信息是：Message: 

定位失败信息：('css selector', "[formcontrolname='password']")
2022-11-28 16:38:01,931-basePage.py:[79]-[ERROR]-输入内容失败：121121
失败原因是'NoneType' object has no attribute 'send_keys'
2022-11-28 16:38:12,097-basePage.py:[66]-[ERROR]-定位元素失败异常信息是：Message: 

定位失败信息：('css selector', "[type='submit']")
2022-11-28 16:38:12,106-basePage.py:[114]-[ERROR]-点击失败('css selector', "[type='submit']")
失败信息是：Message: javascript error: Cannot read properties of null (reading 'click')
  (Session info: chrome=107.0.5304.88)

2022-11-28 16:38:25,198-basePage.py:[70]-[DEBUG]-元素定位成功，定位成功信息是:('xpath', "//span[text()='机构管理']")
2022-11-28 16:38:25,350-basePage.py:[117]-[DEBUG]-点击成功
2022-11-28 16:38:32,379-basePage.py:[57]-[INFO]-未发生异常页面打开成功：http://139.199.0.102/passport/login
2022-11-28 16:38:42,531-basePage.py:[66]-[ERROR]-定位元素失败异常信息是：Message: 

定位失败信息：('css selector', "[formcontrolname='userName']")
2022-11-28 16:38:42,531-basePage.py:[79]-[ERROR]-输入内容失败：13986128128
失败原因是'NoneType' object has no attribute 'send_keys'
2022-11-28 16:38:52,699-basePage.py:[66]-[ERROR]-定位元素失败异常信息是：Message: 

定位失败信息：('css selector', "[formcontrolname='password']")
2022-11-28 16:38:52,700-basePage.py:[79]-[ERROR]-输入内容失败：121121
失败原因是'NoneType' object has no attribute 'send_keys'
2022-11-28 16:39:02,811-basePage.py:[66]-[ERROR]-定位元素失败异常信息是：Message: 

定位失败信息：('css selector', "[type='submit']")
2022-11-28 16:39:02,919-basePage.py:[114]-[ERROR]-点击失败('css selector', "[type='submit']")
失败信息是：Message: javascript error: Cannot read properties of null (reading 'click')
  (Session info: chrome=107.0.5304.88)

2022-11-28 16:39:15,978-basePage.py:[70]-[DEBUG]-元素定位成功，定位成功信息是:('xpath', "//span[text()='学员管理']")
2022-11-28 16:39:16,033-basePage.py:[117]-[DEBUG]-点击成功
2022-11-28 16:39:23,004-basePage.py:[57]-[INFO]-未发生异常页面打开成功：http://139.199.0.102/passport/login
2022-11-28 16:39:33,183-basePage.py:[66]-[ERROR]-定位元素失败异常信息是：Message: 

定位失败信息：('css selector', "[formcontrolname='userName']")
2022-11-28 16:39:33,183-basePage.py:[79]-[ERROR]-输入内容失败：13986128128
失败原因是'NoneType' object has no attribute 'send_keys'
2022-11-28 16:39:43,345-basePage.py:[66]-[ERROR]-定位元素失败异常信息是：Message: 

定位失败信息：('css selector', "[formcontrolname='password']")
2022-11-28 16:39:43,346-basePage.py:[79]-[ERROR]-输入内容失败：121121
失败原因是'NoneType' object has no attribute 'send_keys'
2022-11-28 16:39:53,494-basePage.py:[66]-[ERROR]-定位元素失败异常信息是：Message: 

定位失败信息：('css selector', "[type='submit']")
2022-11-28 16:39:53,568-basePage.py:[114]-[ERROR]-点击失败('css selector', "[type='submit']")
失败信息是：Message: javascript error: Cannot read properties of null (reading 'click')
  (Session info: chrome=107.0.5304.88)

2022-11-28 16:40:06,636-basePage.py:[70]-[DEBUG]-元素定位成功，定位成功信息是:('xpath', "//span[text()='教务管理']")
2022-11-28 16:40:06,681-basePage.py:[117]-[DEBUG]-点击成功
2022-11-28 16:40:13,706-basePage.py:[57]-[INFO]-未发生异常页面打开成功：http://139.199.0.102/passport/login
2022-11-28 16:40:23,836-basePage.py:[66]-[ERROR]-定位元素失败异常信息是：Message: 

定位失败信息：('css selector', "[formcontrolname='userName']")
2022-11-28 16:40:23,836-basePage.py:[79]-[ERROR]-输入内容失败：13986128128
失败原因是'NoneType' object has no attribute 'send_keys'
2022-11-28 16:40:33,963-basePage.py:[66]-[ERROR]-定位元素失败异常信息是：Message: 

定位失败信息：('css selector', "[formcontrolname='password']")
2022-11-28 16:40:33,964-basePage.py:[79]-[ERROR]-输入内容失败：121121
失败原因是'NoneType' object has no attribute 'send_keys'
2022-11-28 16:40:44,134-basePage.py:[66]-[ERROR]-定位元素失败异常信息是：Message: 

定位失败信息：('css selector', "[type='submit']")
2022-11-28 16:40:44,201-basePage.py:[114]-[ERROR]-点击失败('css selector', "[type='submit']")
失败信息是：Message: javascript error: Cannot read properties of null (reading 'click')
  (Session info: chrome=107.0.5304.88)

2022-11-28 16:41:01,114-basePage.py:[57]-[INFO]-未发生异常页面打开成功：http://139.199.0.102/passport/login
2022-11-28 16:41:11,257-basePage.py:[66]-[ERROR]-定位元素失败异常信息是：Message: 

定位失败信息：('css selector', "[formcontrolname='userName']")
2022-11-28 16:41:11,257-basePage.py:[79]-[ERROR]-输入内容失败：13986128128
失败原因是'NoneType' object has no attribute 'send_keys'
2022-11-28 16:41:21,388-basePage.py:[66]-[ERROR]-定位元素失败异常信息是：Message: 

定位失败信息：('css selector', "[formcontrolname='password']")
2022-11-28 16:41:21,388-basePage.py:[79]-[ERROR]-输入内容失败：121121
失败原因是'NoneType' object has no attribute 'send_keys'
2022-11-28 16:41:31,531-basePage.py:[66]-[ERROR]-定位元素失败异常信息是：Message: 

定位失败信息：('css selector', "[type='submit']")
2022-11-28 16:41:31,591-basePage.py:[114]-[ERROR]-点击失败('css selector', "[type='submit']")
失败信息是：Message: javascript error: Cannot read properties of null (reading 'click')
  (Session info: chrome=107.0.5304.88)

2022-11-28 16:41:44,630-basePage.py:[70]-[DEBUG]-元素定位成功，定位成功信息是:('css selector', '.teachHeadPic.ng-star-inserted')
2022-11-28 16:41:45,007-basePage.py:[70]-[DEBUG]-元素定位成功，定位成功信息是:('xpath', "//*[@id='headerH']/div[2]/div[5]/div[2]/div[1]")
2022-11-28 16:41:45,023-basePage.py:[117]-[DEBUG]-点击成功
2022-11-28 16:46:48,300-doExcel.py:[31]-[DEBUG]-excel表打开成功
2022-11-28 16:46:48,300-doExcel.py:[39]-[DEBUG]-sheet页定位成功
2022-11-28 16:46:48,317-doExcel.py:[31]-[DEBUG]-excel表打开成功
2022-11-28 16:46:48,317-doExcel.py:[39]-[DEBUG]-sheet页定位成功
2022-11-28 16:46:48,318-doExcel.py:[48]-[DEBUG]-读取文件成功.teachHeadPic.ng-star-inserted
2022-11-28 16:46:48,318-doExcel.py:[48]-[DEBUG]-读取文件成功//div[text()='退出账号']
2022-11-28 16:46:48,319-doExcel.py:[48]-[DEBUG]-读取文件成功.ant-modal-confirm-btns>button:nth-child(2)
2022-11-28 16:46:48,319-doExcel.py:[48]-[DEBUG]-读取文件成功13986128128
2022-11-28 16:46:48,319-doExcel.py:[48]-[DEBUG]-读取文件成功121121
2022-11-28 16:46:48,320-doExcel.py:[48]-[DEBUG]-读取文件成功
2022-11-28 16:46:48,320-doExcel.py:[48]-[DEBUG]-读取文件成功
2022-11-28 16:46:48,320-doExcel.py:[48]-[DEBUG]-读取文件成功
2022-11-28 16:46:48,320-doExcel.py:[48]-[DEBUG]-读取文件成功121121
2022-11-28 16:46:48,320-doExcel.py:[48]-[DEBUG]-读取文件成功13986128128
2022-11-28 16:46:48,320-doExcel.py:[48]-[DEBUG]-读取文件成功
2022-11-28 16:46:48,321-doExcel.py:[48]-[DEBUG]-读取文件成功13986138138
2022-11-28 16:46:48,321-doExcel.py:[48]-[DEBUG]-读取文件成功121121
2022-11-28 16:46:48,321-doExcel.py:[48]-[DEBUG]-读取文件成功13986128128
2022-11-28 16:46:48,321-doExcel.py:[48]-[DEBUG]-读取文件成功125555522
2022-11-28 16:46:48,321-doExcel.py:[48]-[DEBUG]-读取文件成功13986138138
2022-11-28 16:46:48,322-doExcel.py:[48]-[DEBUG]-读取文件成功125555523
2022-11-28 16:46:48,322-doExcel.py:[48]-[DEBUG]-读取文件成功13986
2022-11-28 16:46:48,322-doExcel.py:[48]-[DEBUG]-读取文件成功121121
2022-11-28 16:46:48,322-doExcel.py:[48]-[DEBUG]-读取文件成功13986128128555555555
2022-11-28 16:46:48,322-doExcel.py:[48]-[DEBUG]-读取文件成功121122
2022-11-28 16:46:48,322-doExcel.py:[48]-[DEBUG]-读取文件成功13986128128
2022-11-28 16:46:48,323-doExcel.py:[48]-[DEBUG]-读取文件成功121
2022-11-28 16:46:48,323-doExcel.py:[48]-[DEBUG]-读取文件成功13986128128
2022-11-28 16:46:48,324-doExcel.py:[48]-[DEBUG]-读取文件成功121456789123456789632
2022-11-28 16:46:48,325-doExcel.py:[48]-[DEBUG]-读取文件成功13986128128555555555
2022-11-28 16:46:48,326-doExcel.py:[48]-[DEBUG]-读取文件成功121456789123456789632
2022-11-28 16:46:48,328-doExcel.py:[48]-[DEBUG]-读取文件成功13986
2022-11-28 16:46:48,328-doExcel.py:[48]-[DEBUG]-读取文件成功121
2022-11-28 16:46:48,328-doExcel.py:[48]-[DEBUG]-读取文件成功[formcontrolname='userName']
2022-11-28 16:46:48,329-doExcel.py:[48]-[DEBUG]-读取文件成功[formcontrolname='password']
2022-11-28 16:46:48,329-doExcel.py:[48]-[DEBUG]-读取文件成功[type='submit']
2022-11-28 16:46:48,329-doExcel.py:[48]-[DEBUG]-读取文件成功/html/body/app-root/layout-passport/div/div/passport-login/div/form/nz-form-item[1]/nz-form-control/div/nz-form-explain/div
2022-11-28 16:46:48,329-doExcel.py:[48]-[DEBUG]-读取文件成功/html/body/app-root/layout-passport/div/div/passport-login/div/form/nz-form-item[2]/nz-form-control/div/nz-form-explain/div
2022-11-28 16:46:48,329-doExcel.py:[48]-[DEBUG]-读取文件成功//*[@id="cdk-overlay-1"]/nz-modal/div/div[2]/div[1]/div/div/div/div[1]/span/span
2022-11-28 16:46:48,329-doExcel.py:[48]-[DEBUG]-读取文件成功//*[@id="cdk-overlay-1"]/nz-modal/div/div[2]/div[1]/div/div/div/div[2]/button
2022-11-28 16:47:05,808-basePage.py:[57]-[INFO]-未发生异常页面打开成功：http://139.199.0.102/passport/login
2022-11-28 16:47:05,870-basePage.py:[70]-[DEBUG]-元素定位成功，定位成功信息是:('css selector', "[formcontrolname='userName']")
2022-11-28 16:47:06,123-basePage.py:[82]-[DEBUG]-输入内容成功
2022-11-28 16:47:06,162-basePage.py:[70]-[DEBUG]-元素定位成功，定位成功信息是:('css selector', "[formcontrolname='password']")
2022-11-28 16:47:06,301-basePage.py:[82]-[DEBUG]-输入内容成功
2022-11-28 16:47:06,341-basePage.py:[70]-[DEBUG]-元素定位成功，定位成功信息是:('css selector', "[type='submit']")
2022-11-28 16:47:06,370-basePage.py:[117]-[DEBUG]-点击成功
2022-11-28 16:47:29,538-basePage.py:[66]-[ERROR]-定位元素失败异常信息是：Message: 

定位失败信息：('css selector', "[class*='.nav1.sel']>span")
2022-11-28 16:47:29,551-basePage.py:[114]-[ERROR]-点击失败('css selector', "[class*='.nav1.sel']>span")
失败信息是：Message: javascript error: Cannot read properties of null (reading 'click')
  (Session info: chrome=107.0.5304.88)

2022-11-28 17:07:35,470-doExcel.py:[31]-[DEBUG]-excel表打开成功
2022-11-28 17:07:35,470-doExcel.py:[39]-[DEBUG]-sheet页定位成功
2022-11-28 17:07:35,477-doExcel.py:[31]-[DEBUG]-excel表打开成功
2022-11-28 17:07:35,478-doExcel.py:[39]-[DEBUG]-sheet页定位成功
2022-11-28 17:07:35,478-doExcel.py:[48]-[DEBUG]-读取文件成功.teachHeadPic.ng-star-inserted
2022-11-28 17:07:35,478-doExcel.py:[48]-[DEBUG]-读取文件成功//div[text()='退出账号']
2022-11-28 17:07:35,478-doExcel.py:[48]-[DEBUG]-读取文件成功.ant-modal-confirm-btns>button:nth-child(2)
2022-11-28 17:07:35,478-doExcel.py:[48]-[DEBUG]-读取文件成功13986128128
2022-11-28 17:07:35,479-doExcel.py:[48]-[DEBUG]-读取文件成功121121
2022-11-28 17:07:35,479-doExcel.py:[48]-[DEBUG]-读取文件成功
2022-11-28 17:07:35,479-doExcel.py:[48]-[DEBUG]-读取文件成功
2022-11-28 17:07:35,479-doExcel.py:[48]-[DEBUG]-读取文件成功
2022-11-28 17:07:35,479-doExcel.py:[48]-[DEBUG]-读取文件成功121121
2022-11-28 17:07:35,479-doExcel.py:[48]-[DEBUG]-读取文件成功13986128128
2022-11-28 17:07:35,479-doExcel.py:[48]-[DEBUG]-读取文件成功
2022-11-28 17:07:35,479-doExcel.py:[48]-[DEBUG]-读取文件成功13986138138
2022-11-28 17:07:35,479-doExcel.py:[48]-[DEBUG]-读取文件成功121121
2022-11-28 17:07:35,479-doExcel.py:[48]-[DEBUG]-读取文件成功13986128128
2022-11-28 17:07:35,479-doExcel.py:[48]-[DEBUG]-读取文件成功125555522
2022-11-28 17:07:35,479-doExcel.py:[48]-[DEBUG]-读取文件成功13986138138
2022-11-28 17:07:35,479-doExcel.py:[48]-[DEBUG]-读取文件成功125555523
2022-11-28 17:07:35,480-doExcel.py:[48]-[DEBUG]-读取文件成功13986
2022-11-28 17:07:35,480-doExcel.py:[48]-[DEBUG]-读取文件成功121121
2022-11-28 17:07:35,480-doExcel.py:[48]-[DEBUG]-读取文件成功13986128128555555555
2022-11-28 17:07:35,480-doExcel.py:[48]-[DEBUG]-读取文件成功121122
2022-11-28 17:07:35,480-doExcel.py:[48]-[DEBUG]-读取文件成功13986128128
2022-11-28 17:07:35,480-doExcel.py:[48]-[DEBUG]-读取文件成功121
2022-11-28 17:07:35,480-doExcel.py:[48]-[DEBUG]-读取文件成功13986128128
2022-11-28 17:07:35,480-doExcel.py:[48]-[DEBUG]-读取文件成功121456789123456789632
2022-11-28 17:07:35,480-doExcel.py:[48]-[DEBUG]-读取文件成功13986128128555555555
2022-11-28 17:07:35,480-doExcel.py:[48]-[DEBUG]-读取文件成功121456789123456789632
2022-11-28 17:07:35,480-doExcel.py:[48]-[DEBUG]-读取文件成功13986
2022-11-28 17:07:35,480-doExcel.py:[48]-[DEBUG]-读取文件成功121
2022-11-28 17:07:35,480-doExcel.py:[48]-[DEBUG]-读取文件成功[formcontrolname='userName']
2022-11-28 17:07:35,480-doExcel.py:[48]-[DEBUG]-读取文件成功[formcontrolname='password']
2022-11-28 17:07:35,481-doExcel.py:[48]-[DEBUG]-读取文件成功[type='submit']
2022-11-28 17:07:35,481-doExcel.py:[48]-[DEBUG]-读取文件成功/html/body/app-root/layout-passport/div/div/passport-login/div/form/nz-form-item[1]/nz-form-control/div/nz-form-explain/div
2022-11-28 17:07:35,481-doExcel.py:[48]-[DEBUG]-读取文件成功/html/body/app-root/layout-passport/div/div/passport-login/div/form/nz-form-item[2]/nz-form-control/div/nz-form-explain/div
2022-11-28 17:07:35,481-doExcel.py:[48]-[DEBUG]-读取文件成功//*[@id="cdk-overlay-1"]/nz-modal/div/div[2]/div[1]/div/div/div/div[1]/span/span
2022-11-28 17:07:35,481-doExcel.py:[48]-[DEBUG]-读取文件成功//*[@id="cdk-overlay-1"]/nz-modal/div/div[2]/div[1]/div/div/div/div[2]/button
2022-11-28 17:07:47,363-basePage.py:[56]-[INFO]-未发生异常页面打开成功：http://139.199.0.102/passport/login
2022-11-28 17:07:47,416-basePage.py:[69]-[DEBUG]-元素定位成功，定位成功信息是:('css selector', "[formcontrolname='userName']")
2022-11-28 17:07:47,714-basePage.py:[81]-[DEBUG]-输入内容成功
2022-11-28 17:07:47,763-basePage.py:[69]-[DEBUG]-元素定位成功，定位成功信息是:('css selector', "[formcontrolname='password']")
2022-11-28 17:07:47,915-basePage.py:[81]-[DEBUG]-输入内容成功
2022-11-28 17:07:47,948-basePage.py:[69]-[DEBUG]-元素定位成功，定位成功信息是:('css selector', "[type='submit']")
2022-11-28 17:07:47,988-basePage.py:[116]-[DEBUG]-点击成功
2022-11-28 17:08:01,034-basePage.py:[69]-[DEBUG]-元素定位成功，定位成功信息是:('css selector', '.teachHeadPic.ng-star-inserted')
2022-11-28 17:08:01,403-basePage.py:[69]-[DEBUG]-元素定位成功，定位成功信息是:('xpath', "//*[@id='headerH']/div[2]/div[5]/div[2]/div[1]")
2022-11-28 17:08:01,419-basePage.py:[116]-[DEBUG]-点击成功
